[2023-08-15T16:14:29.649+0000] {processor.py:157} INFO - Started process (PID=31) to work on /opt/airflow/dags/demo.py
[2023-08-15T16:14:29.652+0000] {processor.py:826} INFO - Processing file /opt/airflow/dags/demo.py for tasks to queue
[2023-08-15T16:14:29.655+0000] {logging_mixin.py:150} INFO - [2023-08-15T16:14:29.654+0000] {dagbag.py:541} INFO - Filling up the DagBag from /opt/airflow/dags/demo.py
[2023-08-15T16:14:29.698+0000] {processor.py:836} INFO - DAG(s) dict_keys(['Korelasi-Harga-Emas-Bitcoin-IHSG-Workflow']) retrieved from /opt/airflow/dags/demo.py
[2023-08-15T16:14:29.783+0000] {logging_mixin.py:150} INFO - [2023-08-15T16:14:29.783+0000] {dag.py:2742} INFO - Sync 1 DAGs
[2023-08-15T16:14:29.821+0000] {logging_mixin.py:150} INFO - [2023-08-15T16:14:29.821+0000] {dag.py:3508} INFO - Setting next_dagrun for Korelasi-Harga-Emas-Bitcoin-IHSG-Workflow to 2023-08-09T00:00:00+00:00, run_after=2023-08-10T00:00:00+00:00
[2023-08-15T16:14:29.994+0000] {processor.py:179} INFO - Processing /opt/airflow/dags/demo.py took 0.359 seconds
[2023-08-15T16:15:00.294+0000] {processor.py:157} INFO - Started process (PID=43) to work on /opt/airflow/dags/demo.py
[2023-08-15T16:15:00.298+0000] {processor.py:826} INFO - Processing file /opt/airflow/dags/demo.py for tasks to queue
[2023-08-15T16:15:00.300+0000] {logging_mixin.py:150} INFO - [2023-08-15T16:15:00.299+0000] {dagbag.py:541} INFO - Filling up the DagBag from /opt/airflow/dags/demo.py
[2023-08-15T16:15:00.331+0000] {processor.py:836} INFO - DAG(s) dict_keys(['Korelasi-Harga-Emas-Bitcoin-IHSG-Workflow']) retrieved from /opt/airflow/dags/demo.py
[2023-08-15T16:15:00.364+0000] {logging_mixin.py:150} INFO - [2023-08-15T16:15:00.364+0000] {dag.py:2742} INFO - Sync 1 DAGs
[2023-08-15T16:15:00.528+0000] {logging_mixin.py:150} INFO - [2023-08-15T16:15:00.528+0000] {dag.py:3508} INFO - Setting next_dagrun for Korelasi-Harga-Emas-Bitcoin-IHSG-Workflow to 2023-08-15T00:00:00+00:00, run_after=2023-08-16T00:00:00+00:00
[2023-08-15T16:15:00.539+0000] {processor.py:179} INFO - Processing /opt/airflow/dags/demo.py took 0.264 seconds
[2023-08-15T16:15:30.840+0000] {processor.py:157} INFO - Started process (PID=52) to work on /opt/airflow/dags/demo.py
[2023-08-15T16:15:30.850+0000] {processor.py:826} INFO - Processing file /opt/airflow/dags/demo.py for tasks to queue
[2023-08-15T16:15:30.857+0000] {logging_mixin.py:150} INFO - [2023-08-15T16:15:30.857+0000] {dagbag.py:541} INFO - Filling up the DagBag from /opt/airflow/dags/demo.py
[2023-08-15T16:15:30.895+0000] {processor.py:836} INFO - DAG(s) dict_keys(['Korelasi-Harga-Emas-Bitcoin-IHSG-Workflow']) retrieved from /opt/airflow/dags/demo.py
[2023-08-15T16:15:31.106+0000] {logging_mixin.py:150} INFO - [2023-08-15T16:15:31.106+0000] {dag.py:2742} INFO - Sync 1 DAGs
[2023-08-15T16:15:31.123+0000] {logging_mixin.py:150} INFO - [2023-08-15T16:15:31.123+0000] {dag.py:3508} INFO - Setting next_dagrun for Korelasi-Harga-Emas-Bitcoin-IHSG-Workflow to 2023-08-15T00:00:00+00:00, run_after=2023-08-16T00:00:00+00:00
[2023-08-15T16:15:31.134+0000] {processor.py:179} INFO - Processing /opt/airflow/dags/demo.py took 0.299 seconds
[2023-08-15T16:16:01.403+0000] {processor.py:157} INFO - Started process (PID=59) to work on /opt/airflow/dags/demo.py
[2023-08-15T16:16:01.404+0000] {processor.py:826} INFO - Processing file /opt/airflow/dags/demo.py for tasks to queue
[2023-08-15T16:16:01.406+0000] {logging_mixin.py:150} INFO - [2023-08-15T16:16:01.405+0000] {dagbag.py:541} INFO - Filling up the DagBag from /opt/airflow/dags/demo.py
[2023-08-15T16:16:01.574+0000] {processor.py:836} INFO - DAG(s) dict_keys(['Korelasi-Harga-Emas-Bitcoin-IHSG-Workflow']) retrieved from /opt/airflow/dags/demo.py
[2023-08-15T16:16:01.597+0000] {logging_mixin.py:150} INFO - [2023-08-15T16:16:01.597+0000] {dag.py:2742} INFO - Sync 1 DAGs
[2023-08-15T16:16:01.612+0000] {logging_mixin.py:150} INFO - [2023-08-15T16:16:01.612+0000] {dag.py:3508} INFO - Setting next_dagrun for Korelasi-Harga-Emas-Bitcoin-IHSG-Workflow to 2023-08-15T00:00:00+00:00, run_after=2023-08-16T00:00:00+00:00
[2023-08-15T16:16:01.623+0000] {processor.py:179} INFO - Processing /opt/airflow/dags/demo.py took 0.225 seconds
[2023-08-15T16:16:31.888+0000] {processor.py:157} INFO - Started process (PID=67) to work on /opt/airflow/dags/demo.py
[2023-08-15T16:16:31.890+0000] {processor.py:826} INFO - Processing file /opt/airflow/dags/demo.py for tasks to queue
[2023-08-15T16:16:31.891+0000] {logging_mixin.py:150} INFO - [2023-08-15T16:16:31.891+0000] {dagbag.py:541} INFO - Filling up the DagBag from /opt/airflow/dags/demo.py
[2023-08-15T16:16:31.921+0000] {processor.py:836} INFO - DAG(s) dict_keys(['Korelasi-Harga-Emas-Bitcoin-IHSG-Workflow']) retrieved from /opt/airflow/dags/demo.py
[2023-08-15T16:16:31.951+0000] {logging_mixin.py:150} INFO - [2023-08-15T16:16:31.951+0000] {dag.py:2742} INFO - Sync 1 DAGs
[2023-08-15T16:16:31.969+0000] {logging_mixin.py:150} INFO - [2023-08-15T16:16:31.969+0000] {dag.py:3508} INFO - Setting next_dagrun for Korelasi-Harga-Emas-Bitcoin-IHSG-Workflow to 2023-08-15T00:00:00+00:00, run_after=2023-08-16T00:00:00+00:00
[2023-08-15T16:16:31.981+0000] {processor.py:179} INFO - Processing /opt/airflow/dags/demo.py took 0.097 seconds
[2023-08-15T16:17:02.239+0000] {processor.py:157} INFO - Started process (PID=75) to work on /opt/airflow/dags/demo.py
[2023-08-15T16:17:02.241+0000] {processor.py:826} INFO - Processing file /opt/airflow/dags/demo.py for tasks to queue
[2023-08-15T16:17:02.242+0000] {logging_mixin.py:150} INFO - [2023-08-15T16:17:02.242+0000] {dagbag.py:541} INFO - Filling up the DagBag from /opt/airflow/dags/demo.py
[2023-08-15T16:17:02.278+0000] {processor.py:836} INFO - DAG(s) dict_keys(['Korelasi-Harga-Emas-Bitcoin-IHSG-Workflow']) retrieved from /opt/airflow/dags/demo.py
[2023-08-15T16:17:02.307+0000] {logging_mixin.py:150} INFO - [2023-08-15T16:17:02.307+0000] {dag.py:2742} INFO - Sync 1 DAGs
[2023-08-15T16:17:02.326+0000] {logging_mixin.py:150} INFO - [2023-08-15T16:17:02.325+0000] {dag.py:3508} INFO - Setting next_dagrun for Korelasi-Harga-Emas-Bitcoin-IHSG-Workflow to 2023-08-15T00:00:00+00:00, run_after=2023-08-16T00:00:00+00:00
[2023-08-15T16:17:02.337+0000] {processor.py:179} INFO - Processing /opt/airflow/dags/demo.py took 0.102 seconds
[2023-08-15T16:17:32.638+0000] {processor.py:157} INFO - Started process (PID=83) to work on /opt/airflow/dags/demo.py
[2023-08-15T16:17:32.640+0000] {processor.py:826} INFO - Processing file /opt/airflow/dags/demo.py for tasks to queue
[2023-08-15T16:17:32.641+0000] {logging_mixin.py:150} INFO - [2023-08-15T16:17:32.641+0000] {dagbag.py:541} INFO - Filling up the DagBag from /opt/airflow/dags/demo.py
[2023-08-15T16:17:32.660+0000] {processor.py:836} INFO - DAG(s) dict_keys(['Korelasi-Harga-Emas-Bitcoin-IHSG-Workflow']) retrieved from /opt/airflow/dags/demo.py
[2023-08-15T16:17:32.697+0000] {logging_mixin.py:150} INFO - [2023-08-15T16:17:32.697+0000] {dag.py:2742} INFO - Sync 1 DAGs
[2023-08-15T16:17:32.715+0000] {logging_mixin.py:150} INFO - [2023-08-15T16:17:32.715+0000] {dag.py:3508} INFO - Setting next_dagrun for Korelasi-Harga-Emas-Bitcoin-IHSG-Workflow to 2023-08-15T00:00:00+00:00, run_after=2023-08-16T00:00:00+00:00
[2023-08-15T16:17:32.726+0000] {processor.py:179} INFO - Processing /opt/airflow/dags/demo.py took 0.091 seconds
[2023-08-15T16:18:03.037+0000] {processor.py:157} INFO - Started process (PID=91) to work on /opt/airflow/dags/demo.py
[2023-08-15T16:18:03.040+0000] {processor.py:826} INFO - Processing file /opt/airflow/dags/demo.py for tasks to queue
[2023-08-15T16:18:03.042+0000] {logging_mixin.py:150} INFO - [2023-08-15T16:18:03.042+0000] {dagbag.py:541} INFO - Filling up the DagBag from /opt/airflow/dags/demo.py
[2023-08-15T16:18:03.072+0000] {processor.py:836} INFO - DAG(s) dict_keys(['Korelasi-Harga-Emas-Bitcoin-IHSG-Workflow']) retrieved from /opt/airflow/dags/demo.py
[2023-08-15T16:18:03.125+0000] {logging_mixin.py:150} INFO - [2023-08-15T16:18:03.125+0000] {dag.py:2742} INFO - Sync 1 DAGs
[2023-08-15T16:18:03.153+0000] {logging_mixin.py:150} INFO - [2023-08-15T16:18:03.152+0000] {dag.py:3508} INFO - Setting next_dagrun for Korelasi-Harga-Emas-Bitcoin-IHSG-Workflow to 2023-08-15T00:00:00+00:00, run_after=2023-08-16T00:00:00+00:00
[2023-08-15T16:18:03.170+0000] {processor.py:179} INFO - Processing /opt/airflow/dags/demo.py took 0.149 seconds
[2023-08-15T16:18:33.365+0000] {processor.py:157} INFO - Started process (PID=100) to work on /opt/airflow/dags/demo.py
[2023-08-15T16:18:33.368+0000] {processor.py:826} INFO - Processing file /opt/airflow/dags/demo.py for tasks to queue
[2023-08-15T16:18:33.375+0000] {logging_mixin.py:150} INFO - [2023-08-15T16:18:33.374+0000] {dagbag.py:541} INFO - Filling up the DagBag from /opt/airflow/dags/demo.py
[2023-08-15T16:18:33.420+0000] {processor.py:836} INFO - DAG(s) dict_keys(['Korelasi-Harga-Emas-Bitcoin-IHSG-Workflow']) retrieved from /opt/airflow/dags/demo.py
[2023-08-15T16:18:33.459+0000] {logging_mixin.py:150} INFO - [2023-08-15T16:18:33.459+0000] {dag.py:2742} INFO - Sync 1 DAGs
[2023-08-15T16:18:33.487+0000] {logging_mixin.py:150} INFO - [2023-08-15T16:18:33.487+0000] {dag.py:3508} INFO - Setting next_dagrun for Korelasi-Harga-Emas-Bitcoin-IHSG-Workflow to 2023-08-15T00:00:00+00:00, run_after=2023-08-16T00:00:00+00:00
[2023-08-15T16:18:33.502+0000] {processor.py:179} INFO - Processing /opt/airflow/dags/demo.py took 0.153 seconds
[2023-08-15T16:19:03.921+0000] {processor.py:157} INFO - Started process (PID=109) to work on /opt/airflow/dags/demo.py
[2023-08-15T16:19:03.933+0000] {processor.py:826} INFO - Processing file /opt/airflow/dags/demo.py for tasks to queue
[2023-08-15T16:19:03.936+0000] {logging_mixin.py:150} INFO - [2023-08-15T16:19:03.936+0000] {dagbag.py:541} INFO - Filling up the DagBag from /opt/airflow/dags/demo.py
[2023-08-15T16:19:03.961+0000] {processor.py:836} INFO - DAG(s) dict_keys(['Korelasi-Harga-Emas-Bitcoin-IHSG-Workflow']) retrieved from /opt/airflow/dags/demo.py
[2023-08-15T16:19:03.992+0000] {logging_mixin.py:150} INFO - [2023-08-15T16:19:03.992+0000] {dag.py:2742} INFO - Sync 1 DAGs
[2023-08-15T16:19:04.021+0000] {logging_mixin.py:150} INFO - [2023-08-15T16:19:04.021+0000] {dag.py:3508} INFO - Setting next_dagrun for Korelasi-Harga-Emas-Bitcoin-IHSG-Workflow to 2023-08-15T00:00:00+00:00, run_after=2023-08-16T00:00:00+00:00
[2023-08-15T16:19:04.035+0000] {processor.py:179} INFO - Processing /opt/airflow/dags/demo.py took 0.119 seconds
[2023-08-15T16:19:34.477+0000] {processor.py:157} INFO - Started process (PID=117) to work on /opt/airflow/dags/demo.py
[2023-08-15T16:19:34.483+0000] {processor.py:826} INFO - Processing file /opt/airflow/dags/demo.py for tasks to queue
[2023-08-15T16:19:34.489+0000] {logging_mixin.py:150} INFO - [2023-08-15T16:19:34.487+0000] {dagbag.py:541} INFO - Filling up the DagBag from /opt/airflow/dags/demo.py
[2023-08-15T16:19:34.523+0000] {processor.py:836} INFO - DAG(s) dict_keys(['Korelasi-Harga-Emas-Bitcoin-IHSG-Workflow']) retrieved from /opt/airflow/dags/demo.py
[2023-08-15T16:19:34.563+0000] {logging_mixin.py:150} INFO - [2023-08-15T16:19:34.562+0000] {dag.py:2742} INFO - Sync 1 DAGs
[2023-08-15T16:19:34.583+0000] {logging_mixin.py:150} INFO - [2023-08-15T16:19:34.583+0000] {dag.py:3508} INFO - Setting next_dagrun for Korelasi-Harga-Emas-Bitcoin-IHSG-Workflow to 2023-08-15T00:00:00+00:00, run_after=2023-08-16T00:00:00+00:00
[2023-08-15T16:19:34.597+0000] {processor.py:179} INFO - Processing /opt/airflow/dags/demo.py took 0.127 seconds
[2023-08-15T16:20:04.983+0000] {processor.py:157} INFO - Started process (PID=125) to work on /opt/airflow/dags/demo.py
[2023-08-15T16:20:04.986+0000] {processor.py:826} INFO - Processing file /opt/airflow/dags/demo.py for tasks to queue
[2023-08-15T16:20:04.988+0000] {logging_mixin.py:150} INFO - [2023-08-15T16:20:04.988+0000] {dagbag.py:541} INFO - Filling up the DagBag from /opt/airflow/dags/demo.py
[2023-08-15T16:20:05.036+0000] {processor.py:836} INFO - DAG(s) dict_keys(['Korelasi-Harga-Emas-Bitcoin-IHSG-Workflow']) retrieved from /opt/airflow/dags/demo.py
[2023-08-15T16:20:05.138+0000] {logging_mixin.py:150} INFO - [2023-08-15T16:20:05.138+0000] {dag.py:2742} INFO - Sync 1 DAGs
[2023-08-15T16:20:05.174+0000] {logging_mixin.py:150} INFO - [2023-08-15T16:20:05.174+0000] {dag.py:3508} INFO - Setting next_dagrun for Korelasi-Harga-Emas-Bitcoin-IHSG-Workflow to 2023-08-15T00:00:00+00:00, run_after=2023-08-16T00:00:00+00:00
[2023-08-15T16:20:05.193+0000] {processor.py:179} INFO - Processing /opt/airflow/dags/demo.py took 0.218 seconds
[2023-08-15T16:20:35.688+0000] {processor.py:157} INFO - Started process (PID=132) to work on /opt/airflow/dags/demo.py
[2023-08-15T16:20:35.690+0000] {processor.py:826} INFO - Processing file /opt/airflow/dags/demo.py for tasks to queue
[2023-08-15T16:20:35.694+0000] {logging_mixin.py:150} INFO - [2023-08-15T16:20:35.693+0000] {dagbag.py:541} INFO - Filling up the DagBag from /opt/airflow/dags/demo.py
[2023-08-15T16:20:35.731+0000] {processor.py:836} INFO - DAG(s) dict_keys(['Korelasi-Harga-Emas-Bitcoin-IHSG-Workflow']) retrieved from /opt/airflow/dags/demo.py
[2023-08-15T16:20:35.788+0000] {logging_mixin.py:150} INFO - [2023-08-15T16:20:35.788+0000] {dag.py:2742} INFO - Sync 1 DAGs
[2023-08-15T16:20:35.826+0000] {logging_mixin.py:150} INFO - [2023-08-15T16:20:35.826+0000] {dag.py:3508} INFO - Setting next_dagrun for Korelasi-Harga-Emas-Bitcoin-IHSG-Workflow to 2023-08-15T00:00:00+00:00, run_after=2023-08-16T00:00:00+00:00
[2023-08-15T16:20:35.850+0000] {processor.py:179} INFO - Processing /opt/airflow/dags/demo.py took 0.172 seconds
[2023-08-15T16:21:06.080+0000] {processor.py:157} INFO - Started process (PID=140) to work on /opt/airflow/dags/demo.py
[2023-08-15T16:21:06.083+0000] {processor.py:826} INFO - Processing file /opt/airflow/dags/demo.py for tasks to queue
[2023-08-15T16:21:06.084+0000] {logging_mixin.py:150} INFO - [2023-08-15T16:21:06.084+0000] {dagbag.py:541} INFO - Filling up the DagBag from /opt/airflow/dags/demo.py
[2023-08-15T16:21:06.124+0000] {processor.py:836} INFO - DAG(s) dict_keys(['Korelasi-Harga-Emas-Bitcoin-IHSG-Workflow']) retrieved from /opt/airflow/dags/demo.py
[2023-08-15T16:21:06.173+0000] {logging_mixin.py:150} INFO - [2023-08-15T16:21:06.173+0000] {dag.py:2742} INFO - Sync 1 DAGs
[2023-08-15T16:21:06.200+0000] {logging_mixin.py:150} INFO - [2023-08-15T16:21:06.199+0000] {dag.py:3508} INFO - Setting next_dagrun for Korelasi-Harga-Emas-Bitcoin-IHSG-Workflow to 2023-08-15T00:00:00+00:00, run_after=2023-08-16T00:00:00+00:00
[2023-08-15T16:21:06.215+0000] {processor.py:179} INFO - Processing /opt/airflow/dags/demo.py took 0.140 seconds
[2023-08-15T16:21:36.532+0000] {processor.py:157} INFO - Started process (PID=148) to work on /opt/airflow/dags/demo.py
[2023-08-15T16:21:36.534+0000] {processor.py:826} INFO - Processing file /opt/airflow/dags/demo.py for tasks to queue
[2023-08-15T16:21:36.536+0000] {logging_mixin.py:150} INFO - [2023-08-15T16:21:36.535+0000] {dagbag.py:541} INFO - Filling up the DagBag from /opt/airflow/dags/demo.py
[2023-08-15T16:21:36.566+0000] {processor.py:836} INFO - DAG(s) dict_keys(['Korelasi-Harga-Emas-Bitcoin-IHSG-Workflow']) retrieved from /opt/airflow/dags/demo.py
[2023-08-15T16:21:36.617+0000] {logging_mixin.py:150} INFO - [2023-08-15T16:21:36.617+0000] {dag.py:2742} INFO - Sync 1 DAGs
[2023-08-15T16:21:36.639+0000] {logging_mixin.py:150} INFO - [2023-08-15T16:21:36.639+0000] {dag.py:3508} INFO - Setting next_dagrun for Korelasi-Harga-Emas-Bitcoin-IHSG-Workflow to 2023-08-15T00:00:00+00:00, run_after=2023-08-16T00:00:00+00:00
[2023-08-15T16:21:36.653+0000] {processor.py:179} INFO - Processing /opt/airflow/dags/demo.py took 0.127 seconds
[2023-08-15T16:22:06.945+0000] {processor.py:157} INFO - Started process (PID=156) to work on /opt/airflow/dags/demo.py
[2023-08-15T16:22:06.948+0000] {processor.py:826} INFO - Processing file /opt/airflow/dags/demo.py for tasks to queue
[2023-08-15T16:22:06.950+0000] {logging_mixin.py:150} INFO - [2023-08-15T16:22:06.950+0000] {dagbag.py:541} INFO - Filling up the DagBag from /opt/airflow/dags/demo.py
[2023-08-15T16:22:06.979+0000] {processor.py:836} INFO - DAG(s) dict_keys(['Korelasi-Harga-Emas-Bitcoin-IHSG-Workflow']) retrieved from /opt/airflow/dags/demo.py
[2023-08-15T16:22:07.019+0000] {logging_mixin.py:150} INFO - [2023-08-15T16:22:07.019+0000] {dag.py:2742} INFO - Sync 1 DAGs
[2023-08-15T16:22:07.041+0000] {logging_mixin.py:150} INFO - [2023-08-15T16:22:07.041+0000] {dag.py:3508} INFO - Setting next_dagrun for Korelasi-Harga-Emas-Bitcoin-IHSG-Workflow to 2023-08-15T00:00:00+00:00, run_after=2023-08-16T00:00:00+00:00
[2023-08-15T16:22:07.053+0000] {processor.py:179} INFO - Processing /opt/airflow/dags/demo.py took 0.114 seconds
[2023-08-15T16:22:37.320+0000] {processor.py:157} INFO - Started process (PID=164) to work on /opt/airflow/dags/demo.py
[2023-08-15T16:22:37.323+0000] {processor.py:826} INFO - Processing file /opt/airflow/dags/demo.py for tasks to queue
[2023-08-15T16:22:37.325+0000] {logging_mixin.py:150} INFO - [2023-08-15T16:22:37.324+0000] {dagbag.py:541} INFO - Filling up the DagBag from /opt/airflow/dags/demo.py
[2023-08-15T16:22:37.351+0000] {processor.py:836} INFO - DAG(s) dict_keys(['Korelasi-Harga-Emas-Bitcoin-IHSG-Workflow']) retrieved from /opt/airflow/dags/demo.py
[2023-08-15T16:22:37.379+0000] {logging_mixin.py:150} INFO - [2023-08-15T16:22:37.379+0000] {dag.py:2742} INFO - Sync 1 DAGs
[2023-08-15T16:22:37.400+0000] {logging_mixin.py:150} INFO - [2023-08-15T16:22:37.400+0000] {dag.py:3508} INFO - Setting next_dagrun for Korelasi-Harga-Emas-Bitcoin-IHSG-Workflow to 2023-08-15T00:00:00+00:00, run_after=2023-08-16T00:00:00+00:00
[2023-08-15T16:22:37.411+0000] {processor.py:179} INFO - Processing /opt/airflow/dags/demo.py took 0.101 seconds
[2023-08-15T16:23:07.655+0000] {processor.py:157} INFO - Started process (PID=172) to work on /opt/airflow/dags/demo.py
[2023-08-15T16:23:07.658+0000] {processor.py:826} INFO - Processing file /opt/airflow/dags/demo.py for tasks to queue
[2023-08-15T16:23:07.660+0000] {logging_mixin.py:150} INFO - [2023-08-15T16:23:07.659+0000] {dagbag.py:541} INFO - Filling up the DagBag from /opt/airflow/dags/demo.py
[2023-08-15T16:23:07.690+0000] {processor.py:836} INFO - DAG(s) dict_keys(['Korelasi-Harga-Emas-Bitcoin-IHSG-Workflow']) retrieved from /opt/airflow/dags/demo.py
[2023-08-15T16:23:07.740+0000] {logging_mixin.py:150} INFO - [2023-08-15T16:23:07.740+0000] {dag.py:2742} INFO - Sync 1 DAGs
[2023-08-15T16:23:07.764+0000] {logging_mixin.py:150} INFO - [2023-08-15T16:23:07.763+0000] {dag.py:3508} INFO - Setting next_dagrun for Korelasi-Harga-Emas-Bitcoin-IHSG-Workflow to 2023-08-15T00:00:00+00:00, run_after=2023-08-16T00:00:00+00:00
[2023-08-15T16:23:07.776+0000] {processor.py:179} INFO - Processing /opt/airflow/dags/demo.py took 0.129 seconds
[2023-08-15T16:23:38.053+0000] {processor.py:157} INFO - Started process (PID=180) to work on /opt/airflow/dags/demo.py
[2023-08-15T16:23:38.057+0000] {processor.py:826} INFO - Processing file /opt/airflow/dags/demo.py for tasks to queue
[2023-08-15T16:23:38.059+0000] {logging_mixin.py:150} INFO - [2023-08-15T16:23:38.058+0000] {dagbag.py:541} INFO - Filling up the DagBag from /opt/airflow/dags/demo.py
[2023-08-15T16:23:38.089+0000] {processor.py:836} INFO - DAG(s) dict_keys(['Korelasi-Harga-Emas-Bitcoin-IHSG-Workflow']) retrieved from /opt/airflow/dags/demo.py
[2023-08-15T16:23:38.135+0000] {logging_mixin.py:150} INFO - [2023-08-15T16:23:38.135+0000] {dag.py:2742} INFO - Sync 1 DAGs
[2023-08-15T16:23:38.159+0000] {logging_mixin.py:150} INFO - [2023-08-15T16:23:38.159+0000] {dag.py:3508} INFO - Setting next_dagrun for Korelasi-Harga-Emas-Bitcoin-IHSG-Workflow to 2023-08-15T00:00:00+00:00, run_after=2023-08-16T00:00:00+00:00
[2023-08-15T16:23:38.171+0000] {processor.py:179} INFO - Processing /opt/airflow/dags/demo.py took 0.127 seconds
[2023-08-15T16:24:08.443+0000] {processor.py:157} INFO - Started process (PID=188) to work on /opt/airflow/dags/demo.py
[2023-08-15T16:24:08.444+0000] {processor.py:826} INFO - Processing file /opt/airflow/dags/demo.py for tasks to queue
[2023-08-15T16:24:08.446+0000] {logging_mixin.py:150} INFO - [2023-08-15T16:24:08.445+0000] {dagbag.py:541} INFO - Filling up the DagBag from /opt/airflow/dags/demo.py
[2023-08-15T16:24:08.483+0000] {processor.py:836} INFO - DAG(s) dict_keys(['Korelasi-Harga-Emas-Bitcoin-IHSG-Workflow']) retrieved from /opt/airflow/dags/demo.py
[2023-08-15T16:24:08.514+0000] {logging_mixin.py:150} INFO - [2023-08-15T16:24:08.514+0000] {dag.py:2742} INFO - Sync 1 DAGs
[2023-08-15T16:24:08.534+0000] {logging_mixin.py:150} INFO - [2023-08-15T16:24:08.534+0000] {dag.py:3508} INFO - Setting next_dagrun for Korelasi-Harga-Emas-Bitcoin-IHSG-Workflow to 2023-08-15T00:00:00+00:00, run_after=2023-08-16T00:00:00+00:00
[2023-08-15T16:24:08.546+0000] {processor.py:179} INFO - Processing /opt/airflow/dags/demo.py took 0.106 seconds
[2023-08-15T16:24:38.805+0000] {processor.py:157} INFO - Started process (PID=196) to work on /opt/airflow/dags/demo.py
[2023-08-15T16:24:38.807+0000] {processor.py:826} INFO - Processing file /opt/airflow/dags/demo.py for tasks to queue
[2023-08-15T16:24:38.809+0000] {logging_mixin.py:150} INFO - [2023-08-15T16:24:38.808+0000] {dagbag.py:541} INFO - Filling up the DagBag from /opt/airflow/dags/demo.py
[2023-08-15T16:24:38.834+0000] {processor.py:836} INFO - DAG(s) dict_keys(['Korelasi-Harga-Emas-Bitcoin-IHSG-Workflow']) retrieved from /opt/airflow/dags/demo.py
[2023-08-15T16:24:38.870+0000] {logging_mixin.py:150} INFO - [2023-08-15T16:24:38.870+0000] {dag.py:2742} INFO - Sync 1 DAGs
[2023-08-15T16:24:38.893+0000] {logging_mixin.py:150} INFO - [2023-08-15T16:24:38.893+0000] {dag.py:3508} INFO - Setting next_dagrun for Korelasi-Harga-Emas-Bitcoin-IHSG-Workflow to 2023-08-15T00:00:00+00:00, run_after=2023-08-16T00:00:00+00:00
[2023-08-15T16:24:38.905+0000] {processor.py:179} INFO - Processing /opt/airflow/dags/demo.py took 0.107 seconds
[2023-08-15T16:25:09.108+0000] {processor.py:157} INFO - Started process (PID=205) to work on /opt/airflow/dags/demo.py
[2023-08-15T16:25:09.112+0000] {processor.py:826} INFO - Processing file /opt/airflow/dags/demo.py for tasks to queue
[2023-08-15T16:25:09.114+0000] {logging_mixin.py:150} INFO - [2023-08-15T16:25:09.114+0000] {dagbag.py:541} INFO - Filling up the DagBag from /opt/airflow/dags/demo.py
[2023-08-15T16:25:09.240+0000] {processor.py:836} INFO - DAG(s) dict_keys(['Korelasi-Harga-Emas-Bitcoin-IHSG-Workflow']) retrieved from /opt/airflow/dags/demo.py
[2023-08-15T16:25:09.312+0000] {logging_mixin.py:150} INFO - [2023-08-15T16:25:09.312+0000] {dag.py:2742} INFO - Sync 1 DAGs
[2023-08-15T16:25:09.348+0000] {logging_mixin.py:150} INFO - [2023-08-15T16:25:09.347+0000] {dag.py:3508} INFO - Setting next_dagrun for Korelasi-Harga-Emas-Bitcoin-IHSG-Workflow to 2023-08-15T00:00:00+00:00, run_after=2023-08-16T00:00:00+00:00
[2023-08-15T16:25:09.361+0000] {processor.py:179} INFO - Processing /opt/airflow/dags/demo.py took 0.276 seconds
[2023-08-15T16:25:39.537+0000] {processor.py:157} INFO - Started process (PID=213) to work on /opt/airflow/dags/demo.py
[2023-08-15T16:25:39.541+0000] {processor.py:826} INFO - Processing file /opt/airflow/dags/demo.py for tasks to queue
[2023-08-15T16:25:39.544+0000] {logging_mixin.py:150} INFO - [2023-08-15T16:25:39.543+0000] {dagbag.py:541} INFO - Filling up the DagBag from /opt/airflow/dags/demo.py
[2023-08-15T16:25:39.572+0000] {processor.py:836} INFO - DAG(s) dict_keys(['Korelasi-Harga-Emas-Bitcoin-IHSG-Workflow']) retrieved from /opt/airflow/dags/demo.py
[2023-08-15T16:25:39.613+0000] {logging_mixin.py:150} INFO - [2023-08-15T16:25:39.613+0000] {dag.py:2742} INFO - Sync 1 DAGs
[2023-08-15T16:25:39.632+0000] {logging_mixin.py:150} INFO - [2023-08-15T16:25:39.631+0000] {dag.py:3508} INFO - Setting next_dagrun for Korelasi-Harga-Emas-Bitcoin-IHSG-Workflow to 2023-08-15T00:00:00+00:00, run_after=2023-08-16T00:00:00+00:00
[2023-08-15T16:25:39.643+0000] {processor.py:179} INFO - Processing /opt/airflow/dags/demo.py took 0.114 seconds
[2023-08-15T16:26:10.061+0000] {processor.py:157} INFO - Started process (PID=221) to work on /opt/airflow/dags/demo.py
[2023-08-15T16:26:10.063+0000] {processor.py:826} INFO - Processing file /opt/airflow/dags/demo.py for tasks to queue
[2023-08-15T16:26:10.065+0000] {logging_mixin.py:150} INFO - [2023-08-15T16:26:10.065+0000] {dagbag.py:541} INFO - Filling up the DagBag from /opt/airflow/dags/demo.py
[2023-08-15T16:26:10.089+0000] {processor.py:836} INFO - DAG(s) dict_keys(['Korelasi-Harga-Emas-Bitcoin-IHSG-Workflow']) retrieved from /opt/airflow/dags/demo.py
[2023-08-15T16:26:10.143+0000] {logging_mixin.py:150} INFO - [2023-08-15T16:26:10.143+0000] {dag.py:2742} INFO - Sync 1 DAGs
[2023-08-15T16:26:10.167+0000] {logging_mixin.py:150} INFO - [2023-08-15T16:26:10.167+0000] {dag.py:3508} INFO - Setting next_dagrun for Korelasi-Harga-Emas-Bitcoin-IHSG-Workflow to 2023-08-15T00:00:00+00:00, run_after=2023-08-16T00:00:00+00:00
[2023-08-15T16:26:10.180+0000] {processor.py:179} INFO - Processing /opt/airflow/dags/demo.py took 0.126 seconds
[2023-08-15T16:26:40.436+0000] {processor.py:157} INFO - Started process (PID=229) to work on /opt/airflow/dags/demo.py
[2023-08-15T16:26:40.438+0000] {processor.py:826} INFO - Processing file /opt/airflow/dags/demo.py for tasks to queue
[2023-08-15T16:26:40.439+0000] {logging_mixin.py:150} INFO - [2023-08-15T16:26:40.439+0000] {dagbag.py:541} INFO - Filling up the DagBag from /opt/airflow/dags/demo.py
[2023-08-15T16:26:40.482+0000] {processor.py:836} INFO - DAG(s) dict_keys(['Korelasi-Harga-Emas-Bitcoin-IHSG-Workflow']) retrieved from /opt/airflow/dags/demo.py
[2023-08-15T16:26:40.519+0000] {logging_mixin.py:150} INFO - [2023-08-15T16:26:40.519+0000] {dag.py:2742} INFO - Sync 1 DAGs
[2023-08-15T16:26:40.544+0000] {logging_mixin.py:150} INFO - [2023-08-15T16:26:40.544+0000] {dag.py:3508} INFO - Setting next_dagrun for Korelasi-Harga-Emas-Bitcoin-IHSG-Workflow to 2023-08-15T00:00:00+00:00, run_after=2023-08-16T00:00:00+00:00
[2023-08-15T16:26:40.556+0000] {processor.py:179} INFO - Processing /opt/airflow/dags/demo.py took 0.124 seconds
[2023-08-15T16:27:10.832+0000] {processor.py:157} INFO - Started process (PID=237) to work on /opt/airflow/dags/demo.py
[2023-08-15T16:27:10.834+0000] {processor.py:826} INFO - Processing file /opt/airflow/dags/demo.py for tasks to queue
[2023-08-15T16:27:10.836+0000] {logging_mixin.py:150} INFO - [2023-08-15T16:27:10.835+0000] {dagbag.py:541} INFO - Filling up the DagBag from /opt/airflow/dags/demo.py
[2023-08-15T16:27:10.878+0000] {processor.py:836} INFO - DAG(s) dict_keys(['Korelasi-Harga-Emas-Bitcoin-IHSG-Workflow']) retrieved from /opt/airflow/dags/demo.py
[2023-08-15T16:27:10.915+0000] {logging_mixin.py:150} INFO - [2023-08-15T16:27:10.915+0000] {dag.py:2742} INFO - Sync 1 DAGs
[2023-08-15T16:27:10.936+0000] {logging_mixin.py:150} INFO - [2023-08-15T16:27:10.935+0000] {dag.py:3508} INFO - Setting next_dagrun for Korelasi-Harga-Emas-Bitcoin-IHSG-Workflow to 2023-08-15T00:00:00+00:00, run_after=2023-08-16T00:00:00+00:00
[2023-08-15T16:27:10.947+0000] {processor.py:179} INFO - Processing /opt/airflow/dags/demo.py took 0.121 seconds
[2023-08-15T16:27:41.262+0000] {processor.py:157} INFO - Started process (PID=245) to work on /opt/airflow/dags/demo.py
[2023-08-15T16:27:41.265+0000] {processor.py:826} INFO - Processing file /opt/airflow/dags/demo.py for tasks to queue
[2023-08-15T16:27:41.267+0000] {logging_mixin.py:150} INFO - [2023-08-15T16:27:41.266+0000] {dagbag.py:541} INFO - Filling up the DagBag from /opt/airflow/dags/demo.py
[2023-08-15T16:27:41.295+0000] {processor.py:836} INFO - DAG(s) dict_keys(['Korelasi-Harga-Emas-Bitcoin-IHSG-Workflow']) retrieved from /opt/airflow/dags/demo.py
[2023-08-15T16:27:41.326+0000] {logging_mixin.py:150} INFO - [2023-08-15T16:27:41.326+0000] {dag.py:2742} INFO - Sync 1 DAGs
[2023-08-15T16:27:41.346+0000] {logging_mixin.py:150} INFO - [2023-08-15T16:27:41.346+0000] {dag.py:3508} INFO - Setting next_dagrun for Korelasi-Harga-Emas-Bitcoin-IHSG-Workflow to 2023-08-15T00:00:00+00:00, run_after=2023-08-16T00:00:00+00:00
[2023-08-15T16:27:41.358+0000] {processor.py:179} INFO - Processing /opt/airflow/dags/demo.py took 0.116 seconds
[2023-08-15T16:28:11.699+0000] {processor.py:157} INFO - Started process (PID=254) to work on /opt/airflow/dags/demo.py
[2023-08-15T16:28:11.701+0000] {processor.py:826} INFO - Processing file /opt/airflow/dags/demo.py for tasks to queue
[2023-08-15T16:28:11.703+0000] {logging_mixin.py:150} INFO - [2023-08-15T16:28:11.702+0000] {dagbag.py:541} INFO - Filling up the DagBag from /opt/airflow/dags/demo.py
[2023-08-15T16:28:11.730+0000] {processor.py:836} INFO - DAG(s) dict_keys(['Korelasi-Harga-Emas-Bitcoin-IHSG-Workflow']) retrieved from /opt/airflow/dags/demo.py
[2023-08-15T16:28:11.763+0000] {logging_mixin.py:150} INFO - [2023-08-15T16:28:11.763+0000] {dag.py:2742} INFO - Sync 1 DAGs
[2023-08-15T16:28:11.782+0000] {logging_mixin.py:150} INFO - [2023-08-15T16:28:11.782+0000] {dag.py:3508} INFO - Setting next_dagrun for Korelasi-Harga-Emas-Bitcoin-IHSG-Workflow to 2023-08-15T00:00:00+00:00, run_after=2023-08-16T00:00:00+00:00
[2023-08-15T16:28:11.798+0000] {processor.py:179} INFO - Processing /opt/airflow/dags/demo.py took 0.110 seconds
[2023-08-15T16:28:42.214+0000] {processor.py:157} INFO - Started process (PID=262) to work on /opt/airflow/dags/demo.py
[2023-08-15T16:28:42.218+0000] {processor.py:826} INFO - Processing file /opt/airflow/dags/demo.py for tasks to queue
[2023-08-15T16:28:42.219+0000] {logging_mixin.py:150} INFO - [2023-08-15T16:28:42.219+0000] {dagbag.py:541} INFO - Filling up the DagBag from /opt/airflow/dags/demo.py
[2023-08-15T16:28:42.255+0000] {processor.py:836} INFO - DAG(s) dict_keys(['Korelasi-Harga-Emas-Bitcoin-IHSG-Workflow']) retrieved from /opt/airflow/dags/demo.py
[2023-08-15T16:28:42.293+0000] {logging_mixin.py:150} INFO - [2023-08-15T16:28:42.293+0000] {dag.py:2742} INFO - Sync 1 DAGs
[2023-08-15T16:28:42.317+0000] {logging_mixin.py:150} INFO - [2023-08-15T16:28:42.317+0000] {dag.py:3508} INFO - Setting next_dagrun for Korelasi-Harga-Emas-Bitcoin-IHSG-Workflow to 2023-08-15T00:00:00+00:00, run_after=2023-08-16T00:00:00+00:00
[2023-08-15T16:28:42.332+0000] {processor.py:179} INFO - Processing /opt/airflow/dags/demo.py took 0.123 seconds
[2023-08-15T16:29:12.642+0000] {processor.py:157} INFO - Started process (PID=270) to work on /opt/airflow/dags/demo.py
[2023-08-15T16:29:12.647+0000] {processor.py:826} INFO - Processing file /opt/airflow/dags/demo.py for tasks to queue
[2023-08-15T16:29:12.649+0000] {logging_mixin.py:150} INFO - [2023-08-15T16:29:12.648+0000] {dagbag.py:541} INFO - Filling up the DagBag from /opt/airflow/dags/demo.py
[2023-08-15T16:29:12.677+0000] {processor.py:836} INFO - DAG(s) dict_keys(['Korelasi-Harga-Emas-Bitcoin-IHSG-Workflow']) retrieved from /opt/airflow/dags/demo.py
[2023-08-15T16:29:12.713+0000] {logging_mixin.py:150} INFO - [2023-08-15T16:29:12.713+0000] {dag.py:2742} INFO - Sync 1 DAGs
[2023-08-15T16:29:12.733+0000] {logging_mixin.py:150} INFO - [2023-08-15T16:29:12.733+0000] {dag.py:3508} INFO - Setting next_dagrun for Korelasi-Harga-Emas-Bitcoin-IHSG-Workflow to 2023-08-15T00:00:00+00:00, run_after=2023-08-16T00:00:00+00:00
[2023-08-15T16:29:12.745+0000] {processor.py:179} INFO - Processing /opt/airflow/dags/demo.py took 0.111 seconds
[2023-08-15T16:29:43.113+0000] {processor.py:157} INFO - Started process (PID=278) to work on /opt/airflow/dags/demo.py
[2023-08-15T16:29:43.117+0000] {processor.py:826} INFO - Processing file /opt/airflow/dags/demo.py for tasks to queue
[2023-08-15T16:29:43.119+0000] {logging_mixin.py:150} INFO - [2023-08-15T16:29:43.119+0000] {dagbag.py:541} INFO - Filling up the DagBag from /opt/airflow/dags/demo.py
[2023-08-15T16:29:43.156+0000] {processor.py:836} INFO - DAG(s) dict_keys(['Korelasi-Harga-Emas-Bitcoin-IHSG-Workflow']) retrieved from /opt/airflow/dags/demo.py
[2023-08-15T16:29:43.191+0000] {logging_mixin.py:150} INFO - [2023-08-15T16:29:43.191+0000] {dag.py:2742} INFO - Sync 1 DAGs
[2023-08-15T16:29:43.211+0000] {logging_mixin.py:150} INFO - [2023-08-15T16:29:43.211+0000] {dag.py:3508} INFO - Setting next_dagrun for Korelasi-Harga-Emas-Bitcoin-IHSG-Workflow to 2023-08-15T00:00:00+00:00, run_after=2023-08-16T00:00:00+00:00
[2023-08-15T16:29:43.224+0000] {processor.py:179} INFO - Processing /opt/airflow/dags/demo.py took 0.118 seconds
[2023-08-15T16:30:13.569+0000] {processor.py:157} INFO - Started process (PID=286) to work on /opt/airflow/dags/demo.py
[2023-08-15T16:30:13.573+0000] {processor.py:826} INFO - Processing file /opt/airflow/dags/demo.py for tasks to queue
[2023-08-15T16:30:13.576+0000] {logging_mixin.py:150} INFO - [2023-08-15T16:30:13.576+0000] {dagbag.py:541} INFO - Filling up the DagBag from /opt/airflow/dags/demo.py
[2023-08-15T16:30:13.619+0000] {processor.py:836} INFO - DAG(s) dict_keys(['Korelasi-Harga-Emas-Bitcoin-IHSG-Workflow']) retrieved from /opt/airflow/dags/demo.py
[2023-08-15T16:30:13.663+0000] {logging_mixin.py:150} INFO - [2023-08-15T16:30:13.663+0000] {dag.py:2742} INFO - Sync 1 DAGs
[2023-08-15T16:30:13.683+0000] {logging_mixin.py:150} INFO - [2023-08-15T16:30:13.683+0000] {dag.py:3508} INFO - Setting next_dagrun for Korelasi-Harga-Emas-Bitcoin-IHSG-Workflow to 2023-08-15T00:00:00+00:00, run_after=2023-08-16T00:00:00+00:00
[2023-08-15T16:30:13.695+0000] {processor.py:179} INFO - Processing /opt/airflow/dags/demo.py took 0.132 seconds
[2023-08-15T16:30:43.980+0000] {processor.py:157} INFO - Started process (PID=295) to work on /opt/airflow/dags/demo.py
[2023-08-15T16:30:43.982+0000] {processor.py:826} INFO - Processing file /opt/airflow/dags/demo.py for tasks to queue
[2023-08-15T16:30:43.984+0000] {logging_mixin.py:150} INFO - [2023-08-15T16:30:43.983+0000] {dagbag.py:541} INFO - Filling up the DagBag from /opt/airflow/dags/demo.py
[2023-08-15T16:30:44.010+0000] {processor.py:836} INFO - DAG(s) dict_keys(['Korelasi-Harga-Emas-Bitcoin-IHSG-Workflow']) retrieved from /opt/airflow/dags/demo.py
[2023-08-15T16:30:44.048+0000] {logging_mixin.py:150} INFO - [2023-08-15T16:30:44.048+0000] {dag.py:2742} INFO - Sync 1 DAGs
[2023-08-15T16:30:44.071+0000] {logging_mixin.py:150} INFO - [2023-08-15T16:30:44.070+0000] {dag.py:3508} INFO - Setting next_dagrun for Korelasi-Harga-Emas-Bitcoin-IHSG-Workflow to 2023-08-15T00:00:00+00:00, run_after=2023-08-16T00:00:00+00:00
[2023-08-15T16:30:44.082+0000] {processor.py:179} INFO - Processing /opt/airflow/dags/demo.py took 0.107 seconds
[2023-08-15T16:31:14.336+0000] {processor.py:157} INFO - Started process (PID=303) to work on /opt/airflow/dags/demo.py
[2023-08-15T16:31:14.338+0000] {processor.py:826} INFO - Processing file /opt/airflow/dags/demo.py for tasks to queue
[2023-08-15T16:31:14.339+0000] {logging_mixin.py:150} INFO - [2023-08-15T16:31:14.339+0000] {dagbag.py:541} INFO - Filling up the DagBag from /opt/airflow/dags/demo.py
[2023-08-15T16:31:14.370+0000] {processor.py:836} INFO - DAG(s) dict_keys(['Korelasi-Harga-Emas-Bitcoin-IHSG-Workflow']) retrieved from /opt/airflow/dags/demo.py
[2023-08-15T16:31:14.409+0000] {logging_mixin.py:150} INFO - [2023-08-15T16:31:14.409+0000] {dag.py:2742} INFO - Sync 1 DAGs
[2023-08-15T16:31:14.429+0000] {logging_mixin.py:150} INFO - [2023-08-15T16:31:14.428+0000] {dag.py:3508} INFO - Setting next_dagrun for Korelasi-Harga-Emas-Bitcoin-IHSG-Workflow to 2023-08-15T00:00:00+00:00, run_after=2023-08-16T00:00:00+00:00
[2023-08-15T16:31:14.440+0000] {processor.py:179} INFO - Processing /opt/airflow/dags/demo.py took 0.109 seconds
[2023-08-15T16:31:44.747+0000] {processor.py:157} INFO - Started process (PID=312) to work on /opt/airflow/dags/demo.py
[2023-08-15T16:31:44.756+0000] {processor.py:826} INFO - Processing file /opt/airflow/dags/demo.py for tasks to queue
[2023-08-15T16:31:44.762+0000] {logging_mixin.py:150} INFO - [2023-08-15T16:31:44.761+0000] {dagbag.py:541} INFO - Filling up the DagBag from /opt/airflow/dags/demo.py
[2023-08-15T16:31:44.793+0000] {processor.py:836} INFO - DAG(s) dict_keys(['Korelasi-Harga-Emas-Bitcoin-IHSG-Workflow']) retrieved from /opt/airflow/dags/demo.py
[2023-08-15T16:31:44.827+0000] {logging_mixin.py:150} INFO - [2023-08-15T16:31:44.827+0000] {dag.py:2742} INFO - Sync 1 DAGs
[2023-08-15T16:31:44.847+0000] {logging_mixin.py:150} INFO - [2023-08-15T16:31:44.847+0000] {dag.py:3508} INFO - Setting next_dagrun for Korelasi-Harga-Emas-Bitcoin-IHSG-Workflow to 2023-08-15T00:00:00+00:00, run_after=2023-08-16T00:00:00+00:00
[2023-08-15T16:31:44.869+0000] {processor.py:179} INFO - Processing /opt/airflow/dags/demo.py took 0.128 seconds
[2023-08-15T16:32:15.286+0000] {processor.py:157} INFO - Started process (PID=320) to work on /opt/airflow/dags/demo.py
[2023-08-15T16:32:15.289+0000] {processor.py:826} INFO - Processing file /opt/airflow/dags/demo.py for tasks to queue
[2023-08-15T16:32:15.291+0000] {logging_mixin.py:150} INFO - [2023-08-15T16:32:15.290+0000] {dagbag.py:541} INFO - Filling up the DagBag from /opt/airflow/dags/demo.py
[2023-08-15T16:32:15.314+0000] {processor.py:836} INFO - DAG(s) dict_keys(['Korelasi-Harga-Emas-Bitcoin-IHSG-Workflow']) retrieved from /opt/airflow/dags/demo.py
[2023-08-15T16:32:15.361+0000] {logging_mixin.py:150} INFO - [2023-08-15T16:32:15.360+0000] {dag.py:2742} INFO - Sync 1 DAGs
[2023-08-15T16:32:15.387+0000] {logging_mixin.py:150} INFO - [2023-08-15T16:32:15.387+0000] {dag.py:3508} INFO - Setting next_dagrun for Korelasi-Harga-Emas-Bitcoin-IHSG-Workflow to 2023-08-15T00:00:00+00:00, run_after=2023-08-16T00:00:00+00:00
[2023-08-15T16:32:15.404+0000] {processor.py:179} INFO - Processing /opt/airflow/dags/demo.py took 0.124 seconds
[2023-08-15T16:32:45.812+0000] {processor.py:157} INFO - Started process (PID=327) to work on /opt/airflow/dags/demo.py
[2023-08-15T16:32:45.816+0000] {processor.py:826} INFO - Processing file /opt/airflow/dags/demo.py for tasks to queue
[2023-08-15T16:32:45.819+0000] {logging_mixin.py:150} INFO - [2023-08-15T16:32:45.818+0000] {dagbag.py:541} INFO - Filling up the DagBag from /opt/airflow/dags/demo.py
[2023-08-15T16:32:45.888+0000] {processor.py:836} INFO - DAG(s) dict_keys(['Korelasi-Harga-Emas-Bitcoin-IHSG-Workflow']) retrieved from /opt/airflow/dags/demo.py
[2023-08-15T16:32:45.951+0000] {logging_mixin.py:150} INFO - [2023-08-15T16:32:45.951+0000] {dag.py:2742} INFO - Sync 1 DAGs
[2023-08-15T16:32:45.976+0000] {logging_mixin.py:150} INFO - [2023-08-15T16:32:45.975+0000] {dag.py:3508} INFO - Setting next_dagrun for Korelasi-Harga-Emas-Bitcoin-IHSG-Workflow to 2023-08-15T00:00:00+00:00, run_after=2023-08-16T00:00:00+00:00
[2023-08-15T16:32:45.989+0000] {processor.py:179} INFO - Processing /opt/airflow/dags/demo.py took 0.187 seconds
[2023-08-15T16:33:16.233+0000] {processor.py:157} INFO - Started process (PID=335) to work on /opt/airflow/dags/demo.py
[2023-08-15T16:33:16.244+0000] {processor.py:826} INFO - Processing file /opt/airflow/dags/demo.py for tasks to queue
[2023-08-15T16:33:16.250+0000] {logging_mixin.py:150} INFO - [2023-08-15T16:33:16.248+0000] {dagbag.py:541} INFO - Filling up the DagBag from /opt/airflow/dags/demo.py
[2023-08-15T16:33:16.297+0000] {processor.py:836} INFO - DAG(s) dict_keys(['Korelasi-Harga-Emas-Bitcoin-IHSG-Workflow']) retrieved from /opt/airflow/dags/demo.py
[2023-08-15T16:33:16.338+0000] {logging_mixin.py:150} INFO - [2023-08-15T16:33:16.338+0000] {dag.py:2742} INFO - Sync 1 DAGs
[2023-08-15T16:33:16.365+0000] {logging_mixin.py:150} INFO - [2023-08-15T16:33:16.365+0000] {dag.py:3508} INFO - Setting next_dagrun for Korelasi-Harga-Emas-Bitcoin-IHSG-Workflow to 2023-08-15T00:00:00+00:00, run_after=2023-08-16T00:00:00+00:00
[2023-08-15T16:33:16.378+0000] {processor.py:179} INFO - Processing /opt/airflow/dags/demo.py took 0.170 seconds
[2023-08-15T16:33:46.749+0000] {processor.py:157} INFO - Started process (PID=343) to work on /opt/airflow/dags/demo.py
[2023-08-15T16:33:46.752+0000] {processor.py:826} INFO - Processing file /opt/airflow/dags/demo.py for tasks to queue
[2023-08-15T16:33:46.754+0000] {logging_mixin.py:150} INFO - [2023-08-15T16:33:46.754+0000] {dagbag.py:541} INFO - Filling up the DagBag from /opt/airflow/dags/demo.py
[2023-08-15T16:33:46.803+0000] {processor.py:836} INFO - DAG(s) dict_keys(['Korelasi-Harga-Emas-Bitcoin-IHSG-Workflow']) retrieved from /opt/airflow/dags/demo.py
[2023-08-15T16:33:46.838+0000] {logging_mixin.py:150} INFO - [2023-08-15T16:33:46.838+0000] {dag.py:2742} INFO - Sync 1 DAGs
[2023-08-15T16:33:46.871+0000] {logging_mixin.py:150} INFO - [2023-08-15T16:33:46.870+0000] {dag.py:3508} INFO - Setting next_dagrun for Korelasi-Harga-Emas-Bitcoin-IHSG-Workflow to 2023-08-15T00:00:00+00:00, run_after=2023-08-16T00:00:00+00:00
[2023-08-15T16:33:46.890+0000] {processor.py:179} INFO - Processing /opt/airflow/dags/demo.py took 0.149 seconds
[2023-08-15T16:34:17.203+0000] {processor.py:157} INFO - Started process (PID=351) to work on /opt/airflow/dags/demo.py
[2023-08-15T16:34:17.207+0000] {processor.py:826} INFO - Processing file /opt/airflow/dags/demo.py for tasks to queue
[2023-08-15T16:34:17.209+0000] {logging_mixin.py:150} INFO - [2023-08-15T16:34:17.208+0000] {dagbag.py:541} INFO - Filling up the DagBag from /opt/airflow/dags/demo.py
[2023-08-15T16:34:17.241+0000] {processor.py:836} INFO - DAG(s) dict_keys(['Korelasi-Harga-Emas-Bitcoin-IHSG-Workflow']) retrieved from /opt/airflow/dags/demo.py
[2023-08-15T16:34:17.291+0000] {logging_mixin.py:150} INFO - [2023-08-15T16:34:17.291+0000] {dag.py:2742} INFO - Sync 1 DAGs
[2023-08-15T16:34:17.313+0000] {logging_mixin.py:150} INFO - [2023-08-15T16:34:17.313+0000] {dag.py:3508} INFO - Setting next_dagrun for Korelasi-Harga-Emas-Bitcoin-IHSG-Workflow to 2023-08-15T00:00:00+00:00, run_after=2023-08-16T00:00:00+00:00
[2023-08-15T16:34:17.326+0000] {processor.py:179} INFO - Processing /opt/airflow/dags/demo.py took 0.133 seconds
[2023-08-15T16:34:47.725+0000] {processor.py:157} INFO - Started process (PID=359) to work on /opt/airflow/dags/demo.py
[2023-08-15T16:34:47.728+0000] {processor.py:826} INFO - Processing file /opt/airflow/dags/demo.py for tasks to queue
[2023-08-15T16:34:47.730+0000] {logging_mixin.py:150} INFO - [2023-08-15T16:34:47.729+0000] {dagbag.py:541} INFO - Filling up the DagBag from /opt/airflow/dags/demo.py
[2023-08-15T16:34:47.780+0000] {processor.py:836} INFO - DAG(s) dict_keys(['Korelasi-Harga-Emas-Bitcoin-IHSG-Workflow']) retrieved from /opt/airflow/dags/demo.py
[2023-08-15T16:34:47.817+0000] {logging_mixin.py:150} INFO - [2023-08-15T16:34:47.817+0000] {dag.py:2742} INFO - Sync 1 DAGs
[2023-08-15T16:34:47.848+0000] {logging_mixin.py:150} INFO - [2023-08-15T16:34:47.847+0000] {dag.py:3508} INFO - Setting next_dagrun for Korelasi-Harga-Emas-Bitcoin-IHSG-Workflow to 2023-08-15T00:00:00+00:00, run_after=2023-08-16T00:00:00+00:00
[2023-08-15T16:34:47.867+0000] {processor.py:179} INFO - Processing /opt/airflow/dags/demo.py took 0.152 seconds
[2023-08-15T16:35:18.381+0000] {processor.py:157} INFO - Started process (PID=367) to work on /opt/airflow/dags/demo.py
[2023-08-15T16:35:18.386+0000] {processor.py:826} INFO - Processing file /opt/airflow/dags/demo.py for tasks to queue
[2023-08-15T16:35:18.389+0000] {logging_mixin.py:150} INFO - [2023-08-15T16:35:18.388+0000] {dagbag.py:541} INFO - Filling up the DagBag from /opt/airflow/dags/demo.py
[2023-08-15T16:35:18.423+0000] {processor.py:836} INFO - DAG(s) dict_keys(['Korelasi-Harga-Emas-Bitcoin-IHSG-Workflow']) retrieved from /opt/airflow/dags/demo.py
[2023-08-15T16:35:18.464+0000] {logging_mixin.py:150} INFO - [2023-08-15T16:35:18.463+0000] {dag.py:2742} INFO - Sync 1 DAGs
[2023-08-15T16:35:18.505+0000] {logging_mixin.py:150} INFO - [2023-08-15T16:35:18.505+0000] {dag.py:3508} INFO - Setting next_dagrun for Korelasi-Harga-Emas-Bitcoin-IHSG-Workflow to 2023-08-15T00:00:00+00:00, run_after=2023-08-16T00:00:00+00:00
[2023-08-15T16:35:18.523+0000] {processor.py:179} INFO - Processing /opt/airflow/dags/demo.py took 0.152 seconds
[2023-08-15T16:35:48.828+0000] {processor.py:157} INFO - Started process (PID=376) to work on /opt/airflow/dags/demo.py
[2023-08-15T16:35:48.831+0000] {processor.py:826} INFO - Processing file /opt/airflow/dags/demo.py for tasks to queue
[2023-08-15T16:35:48.833+0000] {logging_mixin.py:150} INFO - [2023-08-15T16:35:48.832+0000] {dagbag.py:541} INFO - Filling up the DagBag from /opt/airflow/dags/demo.py
[2023-08-15T16:35:48.873+0000] {processor.py:836} INFO - DAG(s) dict_keys(['Korelasi-Harga-Emas-Bitcoin-IHSG-Workflow']) retrieved from /opt/airflow/dags/demo.py
[2023-08-15T16:35:48.916+0000] {logging_mixin.py:150} INFO - [2023-08-15T16:35:48.916+0000] {dag.py:2742} INFO - Sync 1 DAGs
[2023-08-15T16:35:48.939+0000] {logging_mixin.py:150} INFO - [2023-08-15T16:35:48.939+0000] {dag.py:3508} INFO - Setting next_dagrun for Korelasi-Harga-Emas-Bitcoin-IHSG-Workflow to 2023-08-15T00:00:00+00:00, run_after=2023-08-16T00:00:00+00:00
[2023-08-15T16:35:48.952+0000] {processor.py:179} INFO - Processing /opt/airflow/dags/demo.py took 0.129 seconds
[2023-08-15T16:36:19.464+0000] {processor.py:157} INFO - Started process (PID=384) to work on /opt/airflow/dags/demo.py
[2023-08-15T16:36:19.466+0000] {processor.py:826} INFO - Processing file /opt/airflow/dags/demo.py for tasks to queue
[2023-08-15T16:36:19.467+0000] {logging_mixin.py:150} INFO - [2023-08-15T16:36:19.467+0000] {dagbag.py:541} INFO - Filling up the DagBag from /opt/airflow/dags/demo.py
[2023-08-15T16:36:19.496+0000] {processor.py:836} INFO - DAG(s) dict_keys(['Korelasi-Harga-Emas-Bitcoin-IHSG-Workflow']) retrieved from /opt/airflow/dags/demo.py
[2023-08-15T16:36:19.541+0000] {logging_mixin.py:150} INFO - [2023-08-15T16:36:19.541+0000] {dag.py:2742} INFO - Sync 1 DAGs
[2023-08-15T16:36:19.564+0000] {logging_mixin.py:150} INFO - [2023-08-15T16:36:19.564+0000] {dag.py:3508} INFO - Setting next_dagrun for Korelasi-Harga-Emas-Bitcoin-IHSG-Workflow to 2023-08-15T00:00:00+00:00, run_after=2023-08-16T00:00:00+00:00
[2023-08-15T16:36:19.577+0000] {processor.py:179} INFO - Processing /opt/airflow/dags/demo.py took 0.120 seconds
[2023-08-15T16:36:50.141+0000] {processor.py:157} INFO - Started process (PID=392) to work on /opt/airflow/dags/demo.py
[2023-08-15T16:36:50.144+0000] {processor.py:826} INFO - Processing file /opt/airflow/dags/demo.py for tasks to queue
[2023-08-15T16:36:50.146+0000] {logging_mixin.py:150} INFO - [2023-08-15T16:36:50.145+0000] {dagbag.py:541} INFO - Filling up the DagBag from /opt/airflow/dags/demo.py
[2023-08-15T16:36:50.179+0000] {processor.py:836} INFO - DAG(s) dict_keys(['Korelasi-Harga-Emas-Bitcoin-IHSG-Workflow']) retrieved from /opt/airflow/dags/demo.py
[2023-08-15T16:36:50.215+0000] {logging_mixin.py:150} INFO - [2023-08-15T16:36:50.215+0000] {dag.py:2742} INFO - Sync 1 DAGs
[2023-08-15T16:36:50.246+0000] {logging_mixin.py:150} INFO - [2023-08-15T16:36:50.246+0000] {dag.py:3508} INFO - Setting next_dagrun for Korelasi-Harga-Emas-Bitcoin-IHSG-Workflow to 2023-08-15T00:00:00+00:00, run_after=2023-08-16T00:00:00+00:00
[2023-08-15T16:36:50.259+0000] {processor.py:179} INFO - Processing /opt/airflow/dags/demo.py took 0.127 seconds
[2023-08-15T16:37:20.658+0000] {processor.py:157} INFO - Started process (PID=401) to work on /opt/airflow/dags/demo.py
[2023-08-15T16:37:20.661+0000] {processor.py:826} INFO - Processing file /opt/airflow/dags/demo.py for tasks to queue
[2023-08-15T16:37:20.663+0000] {logging_mixin.py:150} INFO - [2023-08-15T16:37:20.663+0000] {dagbag.py:541} INFO - Filling up the DagBag from /opt/airflow/dags/demo.py
[2023-08-15T16:37:20.696+0000] {processor.py:836} INFO - DAG(s) dict_keys(['Korelasi-Harga-Emas-Bitcoin-IHSG-Workflow']) retrieved from /opt/airflow/dags/demo.py
[2023-08-15T16:37:20.742+0000] {logging_mixin.py:150} INFO - [2023-08-15T16:37:20.742+0000] {dag.py:2742} INFO - Sync 1 DAGs
[2023-08-15T16:37:20.766+0000] {logging_mixin.py:150} INFO - [2023-08-15T16:37:20.766+0000] {dag.py:3508} INFO - Setting next_dagrun for Korelasi-Harga-Emas-Bitcoin-IHSG-Workflow to 2023-08-15T00:00:00+00:00, run_after=2023-08-16T00:00:00+00:00
[2023-08-15T16:37:20.786+0000] {processor.py:179} INFO - Processing /opt/airflow/dags/demo.py took 0.138 seconds
[2023-08-15T16:37:51.373+0000] {processor.py:157} INFO - Started process (PID=409) to work on /opt/airflow/dags/demo.py
[2023-08-15T16:37:51.376+0000] {processor.py:826} INFO - Processing file /opt/airflow/dags/demo.py for tasks to queue
[2023-08-15T16:37:51.379+0000] {logging_mixin.py:150} INFO - [2023-08-15T16:37:51.378+0000] {dagbag.py:541} INFO - Filling up the DagBag from /opt/airflow/dags/demo.py
[2023-08-15T16:37:51.642+0000] {processor.py:836} INFO - DAG(s) dict_keys(['Korelasi-Harga-Emas-Bitcoin-IHSG-Workflow']) retrieved from /opt/airflow/dags/demo.py
[2023-08-15T16:37:51.723+0000] {logging_mixin.py:150} INFO - [2023-08-15T16:37:51.723+0000] {dag.py:2742} INFO - Sync 1 DAGs
[2023-08-15T16:37:51.752+0000] {logging_mixin.py:150} INFO - [2023-08-15T16:37:51.751+0000] {dag.py:3508} INFO - Setting next_dagrun for Korelasi-Harga-Emas-Bitcoin-IHSG-Workflow to 2023-08-15T00:00:00+00:00, run_after=2023-08-16T00:00:00+00:00
[2023-08-15T16:37:51.773+0000] {processor.py:179} INFO - Processing /opt/airflow/dags/demo.py took 0.408 seconds
[2023-08-15T16:38:22.160+0000] {processor.py:157} INFO - Started process (PID=417) to work on /opt/airflow/dags/demo.py
[2023-08-15T16:38:22.165+0000] {processor.py:826} INFO - Processing file /opt/airflow/dags/demo.py for tasks to queue
[2023-08-15T16:38:22.172+0000] {logging_mixin.py:150} INFO - [2023-08-15T16:38:22.169+0000] {dagbag.py:541} INFO - Filling up the DagBag from /opt/airflow/dags/demo.py
[2023-08-15T16:38:22.227+0000] {processor.py:836} INFO - DAG(s) dict_keys(['Korelasi-Harga-Emas-Bitcoin-IHSG-Workflow']) retrieved from /opt/airflow/dags/demo.py
[2023-08-15T16:38:22.284+0000] {logging_mixin.py:150} INFO - [2023-08-15T16:38:22.284+0000] {dag.py:2742} INFO - Sync 1 DAGs
[2023-08-15T16:38:22.312+0000] {logging_mixin.py:150} INFO - [2023-08-15T16:38:22.311+0000] {dag.py:3508} INFO - Setting next_dagrun for Korelasi-Harga-Emas-Bitcoin-IHSG-Workflow to 2023-08-15T00:00:00+00:00, run_after=2023-08-16T00:00:00+00:00
[2023-08-15T16:38:22.326+0000] {processor.py:179} INFO - Processing /opt/airflow/dags/demo.py took 0.180 seconds
[2023-08-15T16:38:52.580+0000] {processor.py:157} INFO - Started process (PID=424) to work on /opt/airflow/dags/demo.py
[2023-08-15T16:38:52.584+0000] {processor.py:826} INFO - Processing file /opt/airflow/dags/demo.py for tasks to queue
[2023-08-15T16:38:52.586+0000] {logging_mixin.py:150} INFO - [2023-08-15T16:38:52.585+0000] {dagbag.py:541} INFO - Filling up the DagBag from /opt/airflow/dags/demo.py
[2023-08-15T16:38:52.616+0000] {processor.py:836} INFO - DAG(s) dict_keys(['Korelasi-Harga-Emas-Bitcoin-IHSG-Workflow']) retrieved from /opt/airflow/dags/demo.py
[2023-08-15T16:38:52.665+0000] {logging_mixin.py:150} INFO - [2023-08-15T16:38:52.665+0000] {dag.py:2742} INFO - Sync 1 DAGs
[2023-08-15T16:38:52.688+0000] {logging_mixin.py:150} INFO - [2023-08-15T16:38:52.688+0000] {dag.py:3508} INFO - Setting next_dagrun for Korelasi-Harga-Emas-Bitcoin-IHSG-Workflow to 2023-08-15T00:00:00+00:00, run_after=2023-08-16T00:00:00+00:00
[2023-08-15T16:38:52.707+0000] {processor.py:179} INFO - Processing /opt/airflow/dags/demo.py took 0.137 seconds
[2023-08-15T16:39:23.149+0000] {processor.py:157} INFO - Started process (PID=432) to work on /opt/airflow/dags/demo.py
[2023-08-15T16:39:23.157+0000] {processor.py:826} INFO - Processing file /opt/airflow/dags/demo.py for tasks to queue
[2023-08-15T16:39:23.163+0000] {logging_mixin.py:150} INFO - [2023-08-15T16:39:23.161+0000] {dagbag.py:541} INFO - Filling up the DagBag from /opt/airflow/dags/demo.py
[2023-08-15T16:39:23.204+0000] {processor.py:836} INFO - DAG(s) dict_keys(['Korelasi-Harga-Emas-Bitcoin-IHSG-Workflow']) retrieved from /opt/airflow/dags/demo.py
[2023-08-15T16:39:23.241+0000] {logging_mixin.py:150} INFO - [2023-08-15T16:39:23.240+0000] {dag.py:2742} INFO - Sync 1 DAGs
[2023-08-15T16:39:23.262+0000] {logging_mixin.py:150} INFO - [2023-08-15T16:39:23.262+0000] {dag.py:3508} INFO - Setting next_dagrun for Korelasi-Harga-Emas-Bitcoin-IHSG-Workflow to 2023-08-15T00:00:00+00:00, run_after=2023-08-16T00:00:00+00:00
[2023-08-15T16:39:23.275+0000] {processor.py:179} INFO - Processing /opt/airflow/dags/demo.py took 0.138 seconds
[2023-08-15T16:39:53.549+0000] {processor.py:157} INFO - Started process (PID=440) to work on /opt/airflow/dags/demo.py
[2023-08-15T16:39:53.552+0000] {processor.py:826} INFO - Processing file /opt/airflow/dags/demo.py for tasks to queue
[2023-08-15T16:39:53.554+0000] {logging_mixin.py:150} INFO - [2023-08-15T16:39:53.553+0000] {dagbag.py:541} INFO - Filling up the DagBag from /opt/airflow/dags/demo.py
[2023-08-15T16:39:53.586+0000] {processor.py:836} INFO - DAG(s) dict_keys(['Korelasi-Harga-Emas-Bitcoin-IHSG-Workflow']) retrieved from /opt/airflow/dags/demo.py
[2023-08-15T16:39:53.638+0000] {logging_mixin.py:150} INFO - [2023-08-15T16:39:53.637+0000] {dag.py:2742} INFO - Sync 1 DAGs
[2023-08-15T16:39:53.659+0000] {logging_mixin.py:150} INFO - [2023-08-15T16:39:53.659+0000] {dag.py:3508} INFO - Setting next_dagrun for Korelasi-Harga-Emas-Bitcoin-IHSG-Workflow to 2023-08-15T00:00:00+00:00, run_after=2023-08-16T00:00:00+00:00
[2023-08-15T16:39:53.673+0000] {processor.py:179} INFO - Processing /opt/airflow/dags/demo.py took 0.130 seconds
[2023-08-15T16:40:24.033+0000] {processor.py:157} INFO - Started process (PID=448) to work on /opt/airflow/dags/demo.py
[2023-08-15T16:40:24.039+0000] {processor.py:826} INFO - Processing file /opt/airflow/dags/demo.py for tasks to queue
[2023-08-15T16:40:24.041+0000] {logging_mixin.py:150} INFO - [2023-08-15T16:40:24.040+0000] {dagbag.py:541} INFO - Filling up the DagBag from /opt/airflow/dags/demo.py
[2023-08-15T16:40:24.069+0000] {processor.py:836} INFO - DAG(s) dict_keys(['Korelasi-Harga-Emas-Bitcoin-IHSG-Workflow']) retrieved from /opt/airflow/dags/demo.py
[2023-08-15T16:40:24.106+0000] {logging_mixin.py:150} INFO - [2023-08-15T16:40:24.106+0000] {dag.py:2742} INFO - Sync 1 DAGs
[2023-08-15T16:40:24.128+0000] {logging_mixin.py:150} INFO - [2023-08-15T16:40:24.127+0000] {dag.py:3508} INFO - Setting next_dagrun for Korelasi-Harga-Emas-Bitcoin-IHSG-Workflow to 2023-08-15T00:00:00+00:00, run_after=2023-08-16T00:00:00+00:00
[2023-08-15T16:40:24.155+0000] {processor.py:179} INFO - Processing /opt/airflow/dags/demo.py took 0.144 seconds
[2023-08-15T16:40:54.499+0000] {processor.py:157} INFO - Started process (PID=456) to work on /opt/airflow/dags/demo.py
[2023-08-15T16:40:54.503+0000] {processor.py:826} INFO - Processing file /opt/airflow/dags/demo.py for tasks to queue
[2023-08-15T16:40:54.504+0000] {logging_mixin.py:150} INFO - [2023-08-15T16:40:54.504+0000] {dagbag.py:541} INFO - Filling up the DagBag from /opt/airflow/dags/demo.py
[2023-08-15T16:40:54.548+0000] {processor.py:836} INFO - DAG(s) dict_keys(['Korelasi-Harga-Emas-Bitcoin-IHSG-Workflow']) retrieved from /opt/airflow/dags/demo.py
[2023-08-15T16:40:54.591+0000] {logging_mixin.py:150} INFO - [2023-08-15T16:40:54.590+0000] {dag.py:2742} INFO - Sync 1 DAGs
[2023-08-15T16:40:54.612+0000] {logging_mixin.py:150} INFO - [2023-08-15T16:40:54.612+0000] {dag.py:3508} INFO - Setting next_dagrun for Korelasi-Harga-Emas-Bitcoin-IHSG-Workflow to 2023-08-15T00:00:00+00:00, run_after=2023-08-16T00:00:00+00:00
[2023-08-15T16:40:54.624+0000] {processor.py:179} INFO - Processing /opt/airflow/dags/demo.py took 0.133 seconds
[2023-08-15T16:41:24.918+0000] {processor.py:157} INFO - Started process (PID=464) to work on /opt/airflow/dags/demo.py
[2023-08-15T16:41:24.922+0000] {processor.py:826} INFO - Processing file /opt/airflow/dags/demo.py for tasks to queue
[2023-08-15T16:41:24.924+0000] {logging_mixin.py:150} INFO - [2023-08-15T16:41:24.924+0000] {dagbag.py:541} INFO - Filling up the DagBag from /opt/airflow/dags/demo.py
[2023-08-15T16:41:24.977+0000] {processor.py:836} INFO - DAG(s) dict_keys(['Korelasi-Harga-Emas-Bitcoin-IHSG-Workflow']) retrieved from /opt/airflow/dags/demo.py
[2023-08-15T16:41:25.014+0000] {logging_mixin.py:150} INFO - [2023-08-15T16:41:25.013+0000] {dag.py:2742} INFO - Sync 1 DAGs
[2023-08-15T16:41:25.036+0000] {logging_mixin.py:150} INFO - [2023-08-15T16:41:25.036+0000] {dag.py:3508} INFO - Setting next_dagrun for Korelasi-Harga-Emas-Bitcoin-IHSG-Workflow to 2023-08-15T00:00:00+00:00, run_after=2023-08-16T00:00:00+00:00
[2023-08-15T16:41:25.049+0000] {processor.py:179} INFO - Processing /opt/airflow/dags/demo.py took 0.140 seconds
[2023-08-15T16:41:55.311+0000] {processor.py:157} INFO - Started process (PID=472) to work on /opt/airflow/dags/demo.py
[2023-08-15T16:41:55.323+0000] {processor.py:826} INFO - Processing file /opt/airflow/dags/demo.py for tasks to queue
[2023-08-15T16:41:55.325+0000] {logging_mixin.py:150} INFO - [2023-08-15T16:41:55.325+0000] {dagbag.py:541} INFO - Filling up the DagBag from /opt/airflow/dags/demo.py
[2023-08-15T16:41:55.354+0000] {processor.py:836} INFO - DAG(s) dict_keys(['Korelasi-Harga-Emas-Bitcoin-IHSG-Workflow']) retrieved from /opt/airflow/dags/demo.py
[2023-08-15T16:41:55.390+0000] {logging_mixin.py:150} INFO - [2023-08-15T16:41:55.390+0000] {dag.py:2742} INFO - Sync 1 DAGs
[2023-08-15T16:41:55.413+0000] {logging_mixin.py:150} INFO - [2023-08-15T16:41:55.413+0000] {dag.py:3508} INFO - Setting next_dagrun for Korelasi-Harga-Emas-Bitcoin-IHSG-Workflow to 2023-08-15T00:00:00+00:00, run_after=2023-08-16T00:00:00+00:00
[2023-08-15T16:41:55.425+0000] {processor.py:179} INFO - Processing /opt/airflow/dags/demo.py took 0.129 seconds
[2023-08-15T16:42:25.818+0000] {processor.py:157} INFO - Started process (PID=480) to work on /opt/airflow/dags/demo.py
[2023-08-15T16:42:25.822+0000] {processor.py:826} INFO - Processing file /opt/airflow/dags/demo.py for tasks to queue
[2023-08-15T16:42:25.827+0000] {logging_mixin.py:150} INFO - [2023-08-15T16:42:25.826+0000] {dagbag.py:541} INFO - Filling up the DagBag from /opt/airflow/dags/demo.py
[2023-08-15T16:42:25.859+0000] {processor.py:836} INFO - DAG(s) dict_keys(['Korelasi-Harga-Emas-Bitcoin-IHSG-Workflow']) retrieved from /opt/airflow/dags/demo.py
[2023-08-15T16:42:25.904+0000] {logging_mixin.py:150} INFO - [2023-08-15T16:42:25.904+0000] {dag.py:2742} INFO - Sync 1 DAGs
[2023-08-15T16:42:25.926+0000] {logging_mixin.py:150} INFO - [2023-08-15T16:42:25.926+0000] {dag.py:3508} INFO - Setting next_dagrun for Korelasi-Harga-Emas-Bitcoin-IHSG-Workflow to 2023-08-15T00:00:00+00:00, run_after=2023-08-16T00:00:00+00:00
[2023-08-15T16:42:25.939+0000] {processor.py:179} INFO - Processing /opt/airflow/dags/demo.py took 0.130 seconds
[2023-08-15T16:42:56.272+0000] {processor.py:157} INFO - Started process (PID=488) to work on /opt/airflow/dags/demo.py
[2023-08-15T16:42:56.275+0000] {processor.py:826} INFO - Processing file /opt/airflow/dags/demo.py for tasks to queue
[2023-08-15T16:42:56.277+0000] {logging_mixin.py:150} INFO - [2023-08-15T16:42:56.276+0000] {dagbag.py:541} INFO - Filling up the DagBag from /opt/airflow/dags/demo.py
[2023-08-15T16:42:56.304+0000] {processor.py:836} INFO - DAG(s) dict_keys(['Korelasi-Harga-Emas-Bitcoin-IHSG-Workflow']) retrieved from /opt/airflow/dags/demo.py
[2023-08-15T16:42:56.336+0000] {logging_mixin.py:150} INFO - [2023-08-15T16:42:56.336+0000] {dag.py:2742} INFO - Sync 1 DAGs
[2023-08-15T16:42:56.369+0000] {logging_mixin.py:150} INFO - [2023-08-15T16:42:56.369+0000] {dag.py:3508} INFO - Setting next_dagrun for Korelasi-Harga-Emas-Bitcoin-IHSG-Workflow to 2023-08-15T00:00:00+00:00, run_after=2023-08-16T00:00:00+00:00
[2023-08-15T16:42:56.382+0000] {processor.py:179} INFO - Processing /opt/airflow/dags/demo.py took 0.119 seconds
[2023-08-15T16:43:26.783+0000] {processor.py:157} INFO - Started process (PID=496) to work on /opt/airflow/dags/demo.py
[2023-08-15T16:43:26.785+0000] {processor.py:826} INFO - Processing file /opt/airflow/dags/demo.py for tasks to queue
[2023-08-15T16:43:26.787+0000] {logging_mixin.py:150} INFO - [2023-08-15T16:43:26.787+0000] {dagbag.py:541} INFO - Filling up the DagBag from /opt/airflow/dags/demo.py
[2023-08-15T16:43:26.819+0000] {processor.py:836} INFO - DAG(s) dict_keys(['Korelasi-Harga-Emas-Bitcoin-IHSG-Workflow']) retrieved from /opt/airflow/dags/demo.py
[2023-08-15T16:43:26.867+0000] {logging_mixin.py:150} INFO - [2023-08-15T16:43:26.866+0000] {dag.py:2742} INFO - Sync 1 DAGs
[2023-08-15T16:43:26.893+0000] {logging_mixin.py:150} INFO - [2023-08-15T16:43:26.893+0000] {dag.py:3508} INFO - Setting next_dagrun for Korelasi-Harga-Emas-Bitcoin-IHSG-Workflow to 2023-08-15T00:00:00+00:00, run_after=2023-08-16T00:00:00+00:00
[2023-08-15T16:43:26.905+0000] {processor.py:179} INFO - Processing /opt/airflow/dags/demo.py took 0.129 seconds
[2023-08-15T16:43:57.211+0000] {processor.py:157} INFO - Started process (PID=504) to work on /opt/airflow/dags/demo.py
[2023-08-15T16:43:57.214+0000] {processor.py:826} INFO - Processing file /opt/airflow/dags/demo.py for tasks to queue
[2023-08-15T16:43:57.216+0000] {logging_mixin.py:150} INFO - [2023-08-15T16:43:57.215+0000] {dagbag.py:541} INFO - Filling up the DagBag from /opt/airflow/dags/demo.py
[2023-08-15T16:43:57.258+0000] {processor.py:836} INFO - DAG(s) dict_keys(['Korelasi-Harga-Emas-Bitcoin-IHSG-Workflow']) retrieved from /opt/airflow/dags/demo.py
[2023-08-15T16:43:57.290+0000] {logging_mixin.py:150} INFO - [2023-08-15T16:43:57.290+0000] {dag.py:2742} INFO - Sync 1 DAGs
[2023-08-15T16:43:57.308+0000] {logging_mixin.py:150} INFO - [2023-08-15T16:43:57.308+0000] {dag.py:3508} INFO - Setting next_dagrun for Korelasi-Harga-Emas-Bitcoin-IHSG-Workflow to 2023-08-15T00:00:00+00:00, run_after=2023-08-16T00:00:00+00:00
[2023-08-15T16:43:57.321+0000] {processor.py:179} INFO - Processing /opt/airflow/dags/demo.py took 0.117 seconds
[2023-08-15T16:44:27.730+0000] {processor.py:157} INFO - Started process (PID=512) to work on /opt/airflow/dags/demo.py
[2023-08-15T16:44:27.732+0000] {processor.py:826} INFO - Processing file /opt/airflow/dags/demo.py for tasks to queue
[2023-08-15T16:44:27.734+0000] {logging_mixin.py:150} INFO - [2023-08-15T16:44:27.733+0000] {dagbag.py:541} INFO - Filling up the DagBag from /opt/airflow/dags/demo.py
[2023-08-15T16:44:27.757+0000] {processor.py:836} INFO - DAG(s) dict_keys(['Korelasi-Harga-Emas-Bitcoin-IHSG-Workflow']) retrieved from /opt/airflow/dags/demo.py
[2023-08-15T16:44:27.794+0000] {logging_mixin.py:150} INFO - [2023-08-15T16:44:27.794+0000] {dag.py:2742} INFO - Sync 1 DAGs
[2023-08-15T16:44:27.814+0000] {logging_mixin.py:150} INFO - [2023-08-15T16:44:27.814+0000] {dag.py:3508} INFO - Setting next_dagrun for Korelasi-Harga-Emas-Bitcoin-IHSG-Workflow to 2023-08-15T00:00:00+00:00, run_after=2023-08-16T00:00:00+00:00
[2023-08-15T16:44:27.825+0000] {processor.py:179} INFO - Processing /opt/airflow/dags/demo.py took 0.102 seconds
[2023-08-15T16:44:58.261+0000] {processor.py:157} INFO - Started process (PID=520) to work on /opt/airflow/dags/demo.py
[2023-08-15T16:44:58.264+0000] {processor.py:826} INFO - Processing file /opt/airflow/dags/demo.py for tasks to queue
[2023-08-15T16:44:58.266+0000] {logging_mixin.py:150} INFO - [2023-08-15T16:44:58.265+0000] {dagbag.py:541} INFO - Filling up the DagBag from /opt/airflow/dags/demo.py
[2023-08-15T16:44:58.292+0000] {processor.py:836} INFO - DAG(s) dict_keys(['Korelasi-Harga-Emas-Bitcoin-IHSG-Workflow']) retrieved from /opt/airflow/dags/demo.py
[2023-08-15T16:44:58.321+0000] {logging_mixin.py:150} INFO - [2023-08-15T16:44:58.321+0000] {dag.py:2742} INFO - Sync 1 DAGs
[2023-08-15T16:44:58.340+0000] {logging_mixin.py:150} INFO - [2023-08-15T16:44:58.340+0000] {dag.py:3508} INFO - Setting next_dagrun for Korelasi-Harga-Emas-Bitcoin-IHSG-Workflow to 2023-08-15T00:00:00+00:00, run_after=2023-08-16T00:00:00+00:00
[2023-08-15T16:44:58.352+0000] {processor.py:179} INFO - Processing /opt/airflow/dags/demo.py took 0.097 seconds
[2023-08-15T16:45:28.837+0000] {processor.py:157} INFO - Started process (PID=528) to work on /opt/airflow/dags/demo.py
[2023-08-15T16:45:28.839+0000] {processor.py:826} INFO - Processing file /opt/airflow/dags/demo.py for tasks to queue
[2023-08-15T16:45:28.841+0000] {logging_mixin.py:150} INFO - [2023-08-15T16:45:28.840+0000] {dagbag.py:541} INFO - Filling up the DagBag from /opt/airflow/dags/demo.py
[2023-08-15T16:45:28.880+0000] {processor.py:836} INFO - DAG(s) dict_keys(['Korelasi-Harga-Emas-Bitcoin-IHSG-Workflow']) retrieved from /opt/airflow/dags/demo.py
[2023-08-15T16:45:28.910+0000] {logging_mixin.py:150} INFO - [2023-08-15T16:45:28.910+0000] {dag.py:2742} INFO - Sync 1 DAGs
[2023-08-15T16:45:28.929+0000] {logging_mixin.py:150} INFO - [2023-08-15T16:45:28.928+0000] {dag.py:3508} INFO - Setting next_dagrun for Korelasi-Harga-Emas-Bitcoin-IHSG-Workflow to 2023-08-15T00:00:00+00:00, run_after=2023-08-16T00:00:00+00:00
[2023-08-15T16:45:28.940+0000] {processor.py:179} INFO - Processing /opt/airflow/dags/demo.py took 0.107 seconds
[2023-08-15T16:45:59.233+0000] {processor.py:157} INFO - Started process (PID=536) to work on /opt/airflow/dags/demo.py
[2023-08-15T16:45:59.235+0000] {processor.py:826} INFO - Processing file /opt/airflow/dags/demo.py for tasks to queue
[2023-08-15T16:45:59.236+0000] {logging_mixin.py:150} INFO - [2023-08-15T16:45:59.236+0000] {dagbag.py:541} INFO - Filling up the DagBag from /opt/airflow/dags/demo.py
[2023-08-15T16:45:59.257+0000] {processor.py:836} INFO - DAG(s) dict_keys(['Korelasi-Harga-Emas-Bitcoin-IHSG-Workflow']) retrieved from /opt/airflow/dags/demo.py
[2023-08-15T16:45:59.298+0000] {logging_mixin.py:150} INFO - [2023-08-15T16:45:59.297+0000] {dag.py:2742} INFO - Sync 1 DAGs
[2023-08-15T16:45:59.317+0000] {logging_mixin.py:150} INFO - [2023-08-15T16:45:59.317+0000] {dag.py:3508} INFO - Setting next_dagrun for Korelasi-Harga-Emas-Bitcoin-IHSG-Workflow to 2023-08-15T00:00:00+00:00, run_after=2023-08-16T00:00:00+00:00
[2023-08-15T16:45:59.329+0000] {processor.py:179} INFO - Processing /opt/airflow/dags/demo.py took 0.099 seconds
[2023-08-15T16:46:29.746+0000] {processor.py:157} INFO - Started process (PID=543) to work on /opt/airflow/dags/demo.py
[2023-08-15T16:46:29.747+0000] {processor.py:826} INFO - Processing file /opt/airflow/dags/demo.py for tasks to queue
[2023-08-15T16:46:29.748+0000] {logging_mixin.py:150} INFO - [2023-08-15T16:46:29.748+0000] {dagbag.py:541} INFO - Filling up the DagBag from /opt/airflow/dags/demo.py
[2023-08-15T16:46:29.787+0000] {processor.py:836} INFO - DAG(s) dict_keys(['Korelasi-Harga-Emas-Bitcoin-IHSG-Workflow']) retrieved from /opt/airflow/dags/demo.py
[2023-08-15T16:46:29.832+0000] {logging_mixin.py:150} INFO - [2023-08-15T16:46:29.832+0000] {dag.py:2742} INFO - Sync 1 DAGs
[2023-08-15T16:46:29.876+0000] {logging_mixin.py:150} INFO - [2023-08-15T16:46:29.873+0000] {dag.py:3508} INFO - Setting next_dagrun for Korelasi-Harga-Emas-Bitcoin-IHSG-Workflow to 2023-08-15T00:00:00+00:00, run_after=2023-08-16T00:00:00+00:00
[2023-08-15T16:46:29.895+0000] {processor.py:179} INFO - Processing /opt/airflow/dags/demo.py took 0.153 seconds
[2023-08-15T16:47:00.684+0000] {processor.py:157} INFO - Started process (PID=551) to work on /opt/airflow/dags/demo.py
[2023-08-15T16:47:00.685+0000] {processor.py:826} INFO - Processing file /opt/airflow/dags/demo.py for tasks to queue
[2023-08-15T16:47:00.687+0000] {logging_mixin.py:150} INFO - [2023-08-15T16:47:00.686+0000] {dagbag.py:541} INFO - Filling up the DagBag from /opt/airflow/dags/demo.py
[2023-08-15T16:47:00.714+0000] {processor.py:836} INFO - DAG(s) dict_keys(['Korelasi-Harga-Emas-Bitcoin-IHSG-Workflow']) retrieved from /opt/airflow/dags/demo.py
[2023-08-15T16:47:00.777+0000] {logging_mixin.py:150} INFO - [2023-08-15T16:47:00.777+0000] {dag.py:2742} INFO - Sync 1 DAGs
[2023-08-15T16:47:00.823+0000] {logging_mixin.py:150} INFO - [2023-08-15T16:47:00.823+0000] {dag.py:3508} INFO - Setting next_dagrun for Korelasi-Harga-Emas-Bitcoin-IHSG-Workflow to 2023-08-15T00:00:00+00:00, run_after=2023-08-16T00:00:00+00:00
[2023-08-15T16:47:00.836+0000] {processor.py:179} INFO - Processing /opt/airflow/dags/demo.py took 0.157 seconds
[2023-08-15T16:47:31.117+0000] {processor.py:157} INFO - Started process (PID=559) to work on /opt/airflow/dags/demo.py
[2023-08-15T16:47:31.120+0000] {processor.py:826} INFO - Processing file /opt/airflow/dags/demo.py for tasks to queue
[2023-08-15T16:47:31.123+0000] {logging_mixin.py:150} INFO - [2023-08-15T16:47:31.122+0000] {dagbag.py:541} INFO - Filling up the DagBag from /opt/airflow/dags/demo.py
[2023-08-15T16:47:31.155+0000] {processor.py:836} INFO - DAG(s) dict_keys(['Korelasi-Harga-Emas-Bitcoin-IHSG-Workflow']) retrieved from /opt/airflow/dags/demo.py
[2023-08-15T16:47:31.224+0000] {logging_mixin.py:150} INFO - [2023-08-15T16:47:31.224+0000] {dag.py:2742} INFO - Sync 1 DAGs
[2023-08-15T16:47:31.255+0000] {logging_mixin.py:150} INFO - [2023-08-15T16:47:31.255+0000] {dag.py:3508} INFO - Setting next_dagrun for Korelasi-Harga-Emas-Bitcoin-IHSG-Workflow to 2023-08-15T00:00:00+00:00, run_after=2023-08-16T00:00:00+00:00
[2023-08-15T16:47:31.270+0000] {processor.py:179} INFO - Processing /opt/airflow/dags/demo.py took 0.185 seconds
[2023-08-15T16:48:01.563+0000] {processor.py:157} INFO - Started process (PID=567) to work on /opt/airflow/dags/demo.py
[2023-08-15T16:48:01.566+0000] {processor.py:826} INFO - Processing file /opt/airflow/dags/demo.py for tasks to queue
[2023-08-15T16:48:01.569+0000] {logging_mixin.py:150} INFO - [2023-08-15T16:48:01.568+0000] {dagbag.py:541} INFO - Filling up the DagBag from /opt/airflow/dags/demo.py
[2023-08-15T16:48:01.596+0000] {processor.py:836} INFO - DAG(s) dict_keys(['Korelasi-Harga-Emas-Bitcoin-IHSG-Workflow']) retrieved from /opt/airflow/dags/demo.py
[2023-08-15T16:48:01.650+0000] {logging_mixin.py:150} INFO - [2023-08-15T16:48:01.650+0000] {dag.py:2742} INFO - Sync 1 DAGs
[2023-08-15T16:48:01.672+0000] {logging_mixin.py:150} INFO - [2023-08-15T16:48:01.672+0000] {dag.py:3508} INFO - Setting next_dagrun for Korelasi-Harga-Emas-Bitcoin-IHSG-Workflow to 2023-08-15T00:00:00+00:00, run_after=2023-08-16T00:00:00+00:00
[2023-08-15T16:48:01.686+0000] {processor.py:179} INFO - Processing /opt/airflow/dags/demo.py took 0.131 seconds
[2023-08-15T16:48:32.025+0000] {processor.py:157} INFO - Started process (PID=575) to work on /opt/airflow/dags/demo.py
[2023-08-15T16:48:32.028+0000] {processor.py:826} INFO - Processing file /opt/airflow/dags/demo.py for tasks to queue
[2023-08-15T16:48:32.030+0000] {logging_mixin.py:150} INFO - [2023-08-15T16:48:32.029+0000] {dagbag.py:541} INFO - Filling up the DagBag from /opt/airflow/dags/demo.py
[2023-08-15T16:48:32.051+0000] {processor.py:836} INFO - DAG(s) dict_keys(['Korelasi-Harga-Emas-Bitcoin-IHSG-Workflow']) retrieved from /opt/airflow/dags/demo.py
[2023-08-15T16:48:32.094+0000] {logging_mixin.py:150} INFO - [2023-08-15T16:48:32.094+0000] {dag.py:2742} INFO - Sync 1 DAGs
[2023-08-15T16:48:32.116+0000] {logging_mixin.py:150} INFO - [2023-08-15T16:48:32.116+0000] {dag.py:3508} INFO - Setting next_dagrun for Korelasi-Harga-Emas-Bitcoin-IHSG-Workflow to 2023-08-15T00:00:00+00:00, run_after=2023-08-16T00:00:00+00:00
[2023-08-15T16:48:32.128+0000] {processor.py:179} INFO - Processing /opt/airflow/dags/demo.py took 0.111 seconds
[2023-08-15T16:49:02.679+0000] {processor.py:157} INFO - Started process (PID=590) to work on /opt/airflow/dags/demo.py
[2023-08-15T16:49:02.682+0000] {processor.py:826} INFO - Processing file /opt/airflow/dags/demo.py for tasks to queue
[2023-08-15T16:49:02.683+0000] {logging_mixin.py:150} INFO - [2023-08-15T16:49:02.683+0000] {dagbag.py:541} INFO - Filling up the DagBag from /opt/airflow/dags/demo.py
[2023-08-15T16:49:02.722+0000] {processor.py:836} INFO - DAG(s) dict_keys(['Korelasi-Harga-Emas-Bitcoin-IHSG-Workflow']) retrieved from /opt/airflow/dags/demo.py
[2023-08-15T16:49:02.757+0000] {logging_mixin.py:150} INFO - [2023-08-15T16:49:02.757+0000] {dag.py:2742} INFO - Sync 1 DAGs
[2023-08-15T16:49:02.779+0000] {logging_mixin.py:150} INFO - [2023-08-15T16:49:02.778+0000] {dag.py:3508} INFO - Setting next_dagrun for Korelasi-Harga-Emas-Bitcoin-IHSG-Workflow to 2023-08-15T00:00:00+00:00, run_after=2023-08-16T00:00:00+00:00
[2023-08-15T16:49:02.791+0000] {processor.py:179} INFO - Processing /opt/airflow/dags/demo.py took 0.118 seconds
[2023-08-15T16:49:33.073+0000] {processor.py:157} INFO - Started process (PID=597) to work on /opt/airflow/dags/demo.py
[2023-08-15T16:49:33.075+0000] {processor.py:826} INFO - Processing file /opt/airflow/dags/demo.py for tasks to queue
[2023-08-15T16:49:33.077+0000] {logging_mixin.py:150} INFO - [2023-08-15T16:49:33.076+0000] {dagbag.py:541} INFO - Filling up the DagBag from /opt/airflow/dags/demo.py
[2023-08-15T16:49:33.119+0000] {processor.py:836} INFO - DAG(s) dict_keys(['Korelasi-Harga-Emas-Bitcoin-IHSG-Workflow']) retrieved from /opt/airflow/dags/demo.py
[2023-08-15T16:49:33.152+0000] {logging_mixin.py:150} INFO - [2023-08-15T16:49:33.152+0000] {dag.py:2742} INFO - Sync 1 DAGs
[2023-08-15T16:49:33.185+0000] {logging_mixin.py:150} INFO - [2023-08-15T16:49:33.185+0000] {dag.py:3508} INFO - Setting next_dagrun for Korelasi-Harga-Emas-Bitcoin-IHSG-Workflow to 2023-08-15T00:00:00+00:00, run_after=2023-08-16T00:00:00+00:00
[2023-08-15T16:49:33.197+0000] {processor.py:179} INFO - Processing /opt/airflow/dags/demo.py took 0.130 seconds
[2023-08-15T16:50:03.536+0000] {processor.py:157} INFO - Started process (PID=606) to work on /opt/airflow/dags/demo.py
[2023-08-15T16:50:03.538+0000] {processor.py:826} INFO - Processing file /opt/airflow/dags/demo.py for tasks to queue
[2023-08-15T16:50:03.540+0000] {logging_mixin.py:150} INFO - [2023-08-15T16:50:03.539+0000] {dagbag.py:541} INFO - Filling up the DagBag from /opt/airflow/dags/demo.py
[2023-08-15T16:50:03.585+0000] {processor.py:836} INFO - DAG(s) dict_keys(['Korelasi-Harga-Emas-Bitcoin-IHSG-Workflow']) retrieved from /opt/airflow/dags/demo.py
[2023-08-15T16:50:03.638+0000] {logging_mixin.py:150} INFO - [2023-08-15T16:50:03.638+0000] {dag.py:2742} INFO - Sync 1 DAGs
[2023-08-15T16:50:03.673+0000] {logging_mixin.py:150} INFO - [2023-08-15T16:50:03.673+0000] {dag.py:3508} INFO - Setting next_dagrun for Korelasi-Harga-Emas-Bitcoin-IHSG-Workflow to 2023-08-15T00:00:00+00:00, run_after=2023-08-16T00:00:00+00:00
[2023-08-15T16:50:03.687+0000] {processor.py:179} INFO - Processing /opt/airflow/dags/demo.py took 0.156 seconds
[2023-08-15T16:50:33.957+0000] {processor.py:157} INFO - Started process (PID=614) to work on /opt/airflow/dags/demo.py
[2023-08-15T16:50:33.960+0000] {processor.py:826} INFO - Processing file /opt/airflow/dags/demo.py for tasks to queue
[2023-08-15T16:50:33.964+0000] {logging_mixin.py:150} INFO - [2023-08-15T16:50:33.962+0000] {dagbag.py:541} INFO - Filling up the DagBag from /opt/airflow/dags/demo.py
[2023-08-15T16:50:34.009+0000] {processor.py:836} INFO - DAG(s) dict_keys(['Korelasi-Harga-Emas-Bitcoin-IHSG-Workflow']) retrieved from /opt/airflow/dags/demo.py
[2023-08-15T16:50:34.044+0000] {logging_mixin.py:150} INFO - [2023-08-15T16:50:34.044+0000] {dag.py:2742} INFO - Sync 1 DAGs
[2023-08-15T16:50:34.065+0000] {logging_mixin.py:150} INFO - [2023-08-15T16:50:34.065+0000] {dag.py:3508} INFO - Setting next_dagrun for Korelasi-Harga-Emas-Bitcoin-IHSG-Workflow to 2023-08-15T00:00:00+00:00, run_after=2023-08-16T00:00:00+00:00
[2023-08-15T16:50:34.078+0000] {processor.py:179} INFO - Processing /opt/airflow/dags/demo.py took 0.130 seconds
[2023-08-15T16:51:04.454+0000] {processor.py:157} INFO - Started process (PID=622) to work on /opt/airflow/dags/demo.py
[2023-08-15T16:51:04.456+0000] {processor.py:826} INFO - Processing file /opt/airflow/dags/demo.py for tasks to queue
[2023-08-15T16:51:04.458+0000] {logging_mixin.py:150} INFO - [2023-08-15T16:51:04.457+0000] {dagbag.py:541} INFO - Filling up the DagBag from /opt/airflow/dags/demo.py
[2023-08-15T16:51:04.498+0000] {processor.py:836} INFO - DAG(s) dict_keys(['Korelasi-Harga-Emas-Bitcoin-IHSG-Workflow']) retrieved from /opt/airflow/dags/demo.py
[2023-08-15T16:51:04.547+0000] {logging_mixin.py:150} INFO - [2023-08-15T16:51:04.547+0000] {dag.py:2742} INFO - Sync 1 DAGs
[2023-08-15T16:51:04.569+0000] {logging_mixin.py:150} INFO - [2023-08-15T16:51:04.569+0000] {dag.py:3508} INFO - Setting next_dagrun for Korelasi-Harga-Emas-Bitcoin-IHSG-Workflow to 2023-08-15T00:00:00+00:00, run_after=2023-08-16T00:00:00+00:00
[2023-08-15T16:51:04.581+0000] {processor.py:179} INFO - Processing /opt/airflow/dags/demo.py took 0.134 seconds
[2023-08-15T16:51:34.928+0000] {processor.py:157} INFO - Started process (PID=630) to work on /opt/airflow/dags/demo.py
[2023-08-15T16:51:34.931+0000] {processor.py:826} INFO - Processing file /opt/airflow/dags/demo.py for tasks to queue
[2023-08-15T16:51:34.933+0000] {logging_mixin.py:150} INFO - [2023-08-15T16:51:34.932+0000] {dagbag.py:541} INFO - Filling up the DagBag from /opt/airflow/dags/demo.py
[2023-08-15T16:51:34.975+0000] {processor.py:836} INFO - DAG(s) dict_keys(['Korelasi-Harga-Emas-Bitcoin-IHSG-Workflow']) retrieved from /opt/airflow/dags/demo.py
[2023-08-15T16:51:35.009+0000] {logging_mixin.py:150} INFO - [2023-08-15T16:51:35.009+0000] {dag.py:2742} INFO - Sync 1 DAGs
[2023-08-15T16:51:35.032+0000] {logging_mixin.py:150} INFO - [2023-08-15T16:51:35.032+0000] {dag.py:3508} INFO - Setting next_dagrun for Korelasi-Harga-Emas-Bitcoin-IHSG-Workflow to 2023-08-15T00:00:00+00:00, run_after=2023-08-16T00:00:00+00:00
[2023-08-15T16:51:35.056+0000] {processor.py:179} INFO - Processing /opt/airflow/dags/demo.py took 0.135 seconds
[2023-08-15T16:52:05.456+0000] {processor.py:157} INFO - Started process (PID=637) to work on /opt/airflow/dags/demo.py
[2023-08-15T16:52:05.459+0000] {processor.py:826} INFO - Processing file /opt/airflow/dags/demo.py for tasks to queue
[2023-08-15T16:52:05.461+0000] {logging_mixin.py:150} INFO - [2023-08-15T16:52:05.461+0000] {dagbag.py:541} INFO - Filling up the DagBag from /opt/airflow/dags/demo.py
[2023-08-15T16:52:05.498+0000] {processor.py:836} INFO - DAG(s) dict_keys(['Korelasi-Harga-Emas-Bitcoin-IHSG-Workflow']) retrieved from /opt/airflow/dags/demo.py
[2023-08-15T16:52:05.550+0000] {logging_mixin.py:150} INFO - [2023-08-15T16:52:05.550+0000] {dag.py:2742} INFO - Sync 1 DAGs
[2023-08-15T16:52:05.574+0000] {logging_mixin.py:150} INFO - [2023-08-15T16:52:05.574+0000] {dag.py:3508} INFO - Setting next_dagrun for Korelasi-Harga-Emas-Bitcoin-IHSG-Workflow to 2023-08-15T00:00:00+00:00, run_after=2023-08-16T00:00:00+00:00
[2023-08-15T16:52:05.588+0000] {processor.py:179} INFO - Processing /opt/airflow/dags/demo.py took 0.140 seconds
[2023-08-15T16:52:35.876+0000] {processor.py:157} INFO - Started process (PID=645) to work on /opt/airflow/dags/demo.py
[2023-08-15T16:52:35.877+0000] {processor.py:826} INFO - Processing file /opt/airflow/dags/demo.py for tasks to queue
[2023-08-15T16:52:35.879+0000] {logging_mixin.py:150} INFO - [2023-08-15T16:52:35.878+0000] {dagbag.py:541} INFO - Filling up the DagBag from /opt/airflow/dags/demo.py
[2023-08-15T16:52:35.917+0000] {processor.py:836} INFO - DAG(s) dict_keys(['Korelasi-Harga-Emas-Bitcoin-IHSG-Workflow']) retrieved from /opt/airflow/dags/demo.py
[2023-08-15T16:52:35.996+0000] {logging_mixin.py:150} INFO - [2023-08-15T16:52:35.996+0000] {dag.py:2742} INFO - Sync 1 DAGs
[2023-08-15T16:52:36.025+0000] {logging_mixin.py:150} INFO - [2023-08-15T16:52:36.025+0000] {dag.py:3508} INFO - Setting next_dagrun for Korelasi-Harga-Emas-Bitcoin-IHSG-Workflow to 2023-08-15T00:00:00+00:00, run_after=2023-08-16T00:00:00+00:00
[2023-08-15T16:52:36.039+0000] {processor.py:179} INFO - Processing /opt/airflow/dags/demo.py took 0.167 seconds
[2023-08-15T16:53:06.376+0000] {processor.py:157} INFO - Started process (PID=653) to work on /opt/airflow/dags/demo.py
[2023-08-15T16:53:06.379+0000] {processor.py:826} INFO - Processing file /opt/airflow/dags/demo.py for tasks to queue
[2023-08-15T16:53:06.380+0000] {logging_mixin.py:150} INFO - [2023-08-15T16:53:06.380+0000] {dagbag.py:541} INFO - Filling up the DagBag from /opt/airflow/dags/demo.py
[2023-08-15T16:53:06.426+0000] {processor.py:836} INFO - DAG(s) dict_keys(['Korelasi-Harga-Emas-Bitcoin-IHSG-Workflow']) retrieved from /opt/airflow/dags/demo.py
[2023-08-15T16:53:06.463+0000] {logging_mixin.py:150} INFO - [2023-08-15T16:53:06.463+0000] {dag.py:2742} INFO - Sync 1 DAGs
[2023-08-15T16:53:06.484+0000] {logging_mixin.py:150} INFO - [2023-08-15T16:53:06.484+0000] {dag.py:3508} INFO - Setting next_dagrun for Korelasi-Harga-Emas-Bitcoin-IHSG-Workflow to 2023-08-15T00:00:00+00:00, run_after=2023-08-16T00:00:00+00:00
[2023-08-15T16:53:06.496+0000] {processor.py:179} INFO - Processing /opt/airflow/dags/demo.py took 0.126 seconds
[2023-08-15T16:53:36.882+0000] {processor.py:157} INFO - Started process (PID=661) to work on /opt/airflow/dags/demo.py
[2023-08-15T16:53:36.885+0000] {processor.py:826} INFO - Processing file /opt/airflow/dags/demo.py for tasks to queue
[2023-08-15T16:53:36.886+0000] {logging_mixin.py:150} INFO - [2023-08-15T16:53:36.886+0000] {dagbag.py:541} INFO - Filling up the DagBag from /opt/airflow/dags/demo.py
[2023-08-15T16:53:36.911+0000] {processor.py:836} INFO - DAG(s) dict_keys(['Korelasi-Harga-Emas-Bitcoin-IHSG-Workflow']) retrieved from /opt/airflow/dags/demo.py
[2023-08-15T16:53:36.967+0000] {logging_mixin.py:150} INFO - [2023-08-15T16:53:36.967+0000] {dag.py:2742} INFO - Sync 1 DAGs
[2023-08-15T16:53:36.993+0000] {logging_mixin.py:150} INFO - [2023-08-15T16:53:36.993+0000] {dag.py:3508} INFO - Setting next_dagrun for Korelasi-Harga-Emas-Bitcoin-IHSG-Workflow to 2023-08-15T00:00:00+00:00, run_after=2023-08-16T00:00:00+00:00
[2023-08-15T16:53:37.007+0000] {processor.py:179} INFO - Processing /opt/airflow/dags/demo.py took 0.132 seconds
[2023-08-15T16:54:07.369+0000] {processor.py:157} INFO - Started process (PID=669) to work on /opt/airflow/dags/demo.py
[2023-08-15T16:54:07.371+0000] {processor.py:826} INFO - Processing file /opt/airflow/dags/demo.py for tasks to queue
[2023-08-15T16:54:07.373+0000] {logging_mixin.py:150} INFO - [2023-08-15T16:54:07.373+0000] {dagbag.py:541} INFO - Filling up the DagBag from /opt/airflow/dags/demo.py
[2023-08-15T16:54:07.414+0000] {processor.py:836} INFO - DAG(s) dict_keys(['Korelasi-Harga-Emas-Bitcoin-IHSG-Workflow']) retrieved from /opt/airflow/dags/demo.py
[2023-08-15T16:54:07.458+0000] {logging_mixin.py:150} INFO - [2023-08-15T16:54:07.458+0000] {dag.py:2742} INFO - Sync 1 DAGs
[2023-08-15T16:54:07.480+0000] {logging_mixin.py:150} INFO - [2023-08-15T16:54:07.480+0000] {dag.py:3508} INFO - Setting next_dagrun for Korelasi-Harga-Emas-Bitcoin-IHSG-Workflow to 2023-08-15T00:00:00+00:00, run_after=2023-08-16T00:00:00+00:00
[2023-08-15T16:54:07.492+0000] {processor.py:179} INFO - Processing /opt/airflow/dags/demo.py took 0.131 seconds
[2023-08-15T16:54:37.893+0000] {processor.py:157} INFO - Started process (PID=677) to work on /opt/airflow/dags/demo.py
[2023-08-15T16:54:37.896+0000] {processor.py:826} INFO - Processing file /opt/airflow/dags/demo.py for tasks to queue
[2023-08-15T16:54:37.898+0000] {logging_mixin.py:150} INFO - [2023-08-15T16:54:37.898+0000] {dagbag.py:541} INFO - Filling up the DagBag from /opt/airflow/dags/demo.py
[2023-08-15T16:54:37.940+0000] {processor.py:836} INFO - DAG(s) dict_keys(['Korelasi-Harga-Emas-Bitcoin-IHSG-Workflow']) retrieved from /opt/airflow/dags/demo.py
[2023-08-15T16:54:37.979+0000] {logging_mixin.py:150} INFO - [2023-08-15T16:54:37.978+0000] {dag.py:2742} INFO - Sync 1 DAGs
[2023-08-15T16:54:38.013+0000] {logging_mixin.py:150} INFO - [2023-08-15T16:54:38.013+0000] {dag.py:3508} INFO - Setting next_dagrun for Korelasi-Harga-Emas-Bitcoin-IHSG-Workflow to 2023-08-15T00:00:00+00:00, run_after=2023-08-16T00:00:00+00:00
[2023-08-15T16:54:38.033+0000] {processor.py:179} INFO - Processing /opt/airflow/dags/demo.py took 0.147 seconds
[2023-08-15T16:55:08.376+0000] {processor.py:157} INFO - Started process (PID=685) to work on /opt/airflow/dags/demo.py
[2023-08-15T16:55:08.379+0000] {processor.py:826} INFO - Processing file /opt/airflow/dags/demo.py for tasks to queue
[2023-08-15T16:55:08.380+0000] {logging_mixin.py:150} INFO - [2023-08-15T16:55:08.380+0000] {dagbag.py:541} INFO - Filling up the DagBag from /opt/airflow/dags/demo.py
[2023-08-15T16:55:08.409+0000] {processor.py:836} INFO - DAG(s) dict_keys(['Korelasi-Harga-Emas-Bitcoin-IHSG-Workflow']) retrieved from /opt/airflow/dags/demo.py
[2023-08-15T16:55:08.455+0000] {logging_mixin.py:150} INFO - [2023-08-15T16:55:08.455+0000] {dag.py:2742} INFO - Sync 1 DAGs
[2023-08-15T16:55:08.485+0000] {logging_mixin.py:150} INFO - [2023-08-15T16:55:08.485+0000] {dag.py:3508} INFO - Setting next_dagrun for Korelasi-Harga-Emas-Bitcoin-IHSG-Workflow to 2023-08-15T00:00:00+00:00, run_after=2023-08-16T00:00:00+00:00
[2023-08-15T16:55:08.505+0000] {processor.py:179} INFO - Processing /opt/airflow/dags/demo.py took 0.135 seconds
[2023-08-15T16:55:38.846+0000] {processor.py:157} INFO - Started process (PID=693) to work on /opt/airflow/dags/demo.py
[2023-08-15T16:55:38.848+0000] {processor.py:826} INFO - Processing file /opt/airflow/dags/demo.py for tasks to queue
[2023-08-15T16:55:38.849+0000] {logging_mixin.py:150} INFO - [2023-08-15T16:55:38.849+0000] {dagbag.py:541} INFO - Filling up the DagBag from /opt/airflow/dags/demo.py
[2023-08-15T16:55:38.872+0000] {processor.py:836} INFO - DAG(s) dict_keys(['Korelasi-Harga-Emas-Bitcoin-IHSG-Workflow']) retrieved from /opt/airflow/dags/demo.py
[2023-08-15T16:55:38.922+0000] {logging_mixin.py:150} INFO - [2023-08-15T16:55:38.922+0000] {dag.py:2742} INFO - Sync 1 DAGs
[2023-08-15T16:55:38.945+0000] {logging_mixin.py:150} INFO - [2023-08-15T16:55:38.945+0000] {dag.py:3508} INFO - Setting next_dagrun for Korelasi-Harga-Emas-Bitcoin-IHSG-Workflow to 2023-08-15T00:00:00+00:00, run_after=2023-08-16T00:00:00+00:00
[2023-08-15T16:55:38.958+0000] {processor.py:179} INFO - Processing /opt/airflow/dags/demo.py took 0.117 seconds
